{"F:\\Projects\\GITHUB\\formalite\\packages\\formalite\\src\\components\\Formalite\\elements\\DropZoneView\\TextDropZoneView\\TextDropZoneView.tsx": {"path":"F:\\Projects\\GITHUB\\formalite\\packages\\formalite\\src\\components\\Formalite\\elements\\DropZoneView\\TextDropZoneView\\TextDropZoneView.tsx","statementMap":{"0":{"start":{"line":2,"column":0},"end":{"line":2,"column":null}},"1":{"start":{"line":9,"column":0},"end":{"line":9,"column":83}},"2":{"start":{"line":10,"column":0},"end":{"line":10,"column":64}},"3":{"start":{"line":11,"column":0},"end":{"line":11,"column":79}},"4":{"start":{"line":12,"column":0},"end":{"line":12,"column":60}},"5":{"start":{"line":18,"column":0},"end":{"line":18,"column":61}},"6":{"start":{"line":19,"column":0},"end":{"line":19,"column":45}},"7":{"start":{"line":20,"column":0},"end":{"line":20,"column":99}},"8":{"start":{"line":21,"column":0},"end":{"line":21,"column":103}},"9":{"start":{"line":22,"column":0},"end":{"line":22,"column":92}},"10":{"start":{"line":23,"column":0},"end":{"line":23,"column":47}},"11":{"start":{"line":25,"column":25},"end":{"line":282,"column":1}},"12":{"start":{"line":37,"column":6},"end":{"line":37,"column":12}},"13":{"start":{"line":43,"column":6},"end":{"line":43,"column":24}},"14":{"start":{"line":39,"column":12},"end":{"line":39,"column":null}},"15":{"start":{"line":40,"column":14},"end":{"line":40,"column":null}},"16":{"start":{"line":41,"column":4},"end":{"line":41,"column":19}},"17":{"start":{"line":41,"column":19},"end":{"line":41,"column":null}},"18":{"start":{"line":42,"column":17},"end":{"line":43,"column":6}},"19":{"start":{"line":44,"column":71},"end":{"line":44,"column":79}},"20":{"start":{"line":44,"column":58},"end":{"line":44,"column":71}},"21":{"start":{"line":45,"column":26},"end":{"line":48,"column":null}},"22":{"start":{"line":45,"column":13},"end":{"line":45,"column":15}},"23":{"start":{"line":45,"column":22},"end":{"line":45,"column":26}},"24":{"start":{"line":50,"column":27},"end":{"line":50,"column":48}},"25":{"start":{"line":52,"column":24},"end":{"line":66,"column":3}},"26":{"start":{"line":56,"column":4},"end":{"line":65,"column":7}},"27":{"start":{"line":57,"column":16},"end":{"line":57,"column":27}},"28":{"start":{"line":58,"column":6},"end":{"line":63,"column":null}},"29":{"start":{"line":59,"column":22},"end":{"line":59,"column":62}},"30":{"start":{"line":59,"column":43},"end":{"line":59,"column":62}},"31":{"start":{"line":60,"column":8},"end":{"line":62,"column":null}},"32":{"start":{"line":61,"column":10},"end":{"line":61,"column":32}},"33":{"start":{"line":64,"column":6},"end":{"line":64,"column":18}},"34":{"start":{"line":68,"column":25},"end":{"line":109,"column":8}},"35":{"start":{"line":69,"column":4},"end":{"line":108,"column":9}},"36":{"start":{"line":72,"column":8},"end":{"line":80,"column":11}},"37":{"start":{"line":73,"column":25},"end":{"line":73,"column":36}},"38":{"start":{"line":74,"column":24},"end":{"line":74,"column":64}},"39":{"start":{"line":74,"column":45},"end":{"line":74,"column":64}},"40":{"start":{"line":75,"column":10},"end":{"line":78,"column":null}},"41":{"start":{"line":76,"column":13},"end":{"line":76,"column":65}},"42":{"start":{"line":77,"column":13},"end":{"line":77,"column":66}},"43":{"start":{"line":79,"column":10},"end":{"line":79,"column":27}},"44":{"start":{"line":85,"column":8},"end":{"line":96,"column":11}},"45":{"start":{"line":86,"column":25},"end":{"line":86,"column":36}},"46":{"start":{"line":87,"column":24},"end":{"line":87,"column":64}},"47":{"start":{"line":87,"column":45},"end":{"line":87,"column":64}},"48":{"start":{"line":88,"column":10},"end":{"line":93,"column":null}},"49":{"start":{"line":89,"column":12},"end":{"line":90,"column":63}},"50":{"start":{"line":91,"column":12},"end":{"line":91,"column":45}},"51":{"start":{"line":92,"column":13},"end":{"line":92,"column":60}},"52":{"start":{"line":94,"column":10},"end":{"line":94,"column":59}},"53":{"start":{"line":95,"column":10},"end":{"line":95,"column":27}},"54":{"start":{"line":99,"column":8},"end":{"line":107,"column":11}},"55":{"start":{"line":100,"column":25},"end":{"line":100,"column":36}},"56":{"start":{"line":101,"column":24},"end":{"line":101,"column":64}},"57":{"start":{"line":101,"column":45},"end":{"line":101,"column":64}},"58":{"start":{"line":102,"column":10},"end":{"line":105,"column":null}},"59":{"start":{"line":103,"column":12},"end":{"line":103,"column":46}},"60":{"start":{"line":104,"column":12},"end":{"line":104,"column":51}},"61":{"start":{"line":106,"column":10},"end":{"line":106,"column":27}},"62":{"start":{"line":111,"column":2},"end":{"line":157,"column":61}},"63":{"start":{"line":112,"column":4},"end":{"line":156,"column":7}},"64":{"start":{"line":113,"column":25},"end":{"line":113,"column":46}},"65":{"start":{"line":114,"column":6},"end":{"line":155,"column":null}},"66":{"start":{"line":115,"column":8},"end":{"line":154,"column":null}},"67":{"start":{"line":116,"column":37},"end":{"line":118,"column":27}},"68":{"start":{"line":119,"column":10},"end":{"line":119,"column":50}},"69":{"start":{"line":120,"column":10},"end":{"line":141,"column":15}},"70":{"start":{"line":122,"column":30},"end":{"line":131,"column":16}},"71":{"start":{"line":132,"column":14},"end":{"line":132,"column":43}},"72":{"start":{"line":135,"column":30},"end":{"line":139,"column":31}},"73":{"start":{"line":140,"column":14},"end":{"line":140,"column":43}},"74":{"start":{"line":143,"column":26},"end":{"line":152,"column":12}},"75":{"start":{"line":153,"column":10},"end":{"line":153,"column":39}},"76":{"start":{"line":167,"column":6},"end":{"line":185,"column":null}},"77":{"start":{"line":173,"column":23},"end":{"line":181,"column":null}},"78":{"start":{"line":174,"column":8},"end":{"line":181,"column":null}},"79":{"start":{"line":183,"column":6},"end":{"line":183,"column":64}},"80":{"start":{"line":183,"column":23},"end":{"line":183,"column":62}},"81":{"start":{"line":184,"column":7},"end":{"line":184,"column":73}},"82":{"start":{"line":184,"column":51},"end":{"line":184,"column":72}},"83":{"start":{"line":160,"column":16},"end":{"line":160,"column":null}},"84":{"start":{"line":161,"column":17},"end":{"line":161,"column":null}},"85":{"start":{"line":162,"column":18},"end":{"line":162,"column":null}},"86":{"start":{"line":163,"column":8},"end":{"line":163,"column":null}},"87":{"start":{"line":164,"column":16},"end":{"line":164,"column":null}},"88":{"start":{"line":165,"column":16},"end":{"line":165,"column":null}},"89":{"start":{"line":166,"column":12},"end":{"line":166,"column":null}},"90":{"start":{"line":188,"column":2},"end":{"line":281,"column":4}},"91":{"start":{"line":198,"column":23},"end":{"line":203,"column":null}},"92":{"start":{"line":230,"column":36},"end":{"line":230,"column":null}},"93":{"start":{"line":241,"column":46},"end":{"line":241,"column":70}},"94":{"start":{"line":244,"column":45},"end":{"line":244,"column":69}},"95":{"start":{"line":254,"column":14},"end":{"line":254,"column":62}},"96":{"start":{"line":284,"column":0},"end":{"line":286,"column":30}},"97":{"start":{"line":285,"column":2},"end":{"line":285,"column":40}}},"fnMap":{"0":{"name":"(anonymous_1)","decl":{"start":{"line":52,"column":24},"end":{"line":52,"column":null}},"loc":{"start":{"line":54,"column":37},"end":{"line":66,"column":3}}},"1":{"name":"(anonymous_2)","decl":{"start":{"line":56,"column":12},"end":{"line":56,"column":13}},"loc":{"start":{"line":56,"column":16},"end":{"line":65,"column":5}}},"2":{"name":"(anonymous_3)","decl":{"start":{"line":59,"column":36},"end":{"line":59,"column":37}},"loc":{"start":{"line":59,"column":38},"end":{"line":59,"column":44}}},"3":{"name":"(anonymous_4)","decl":{"start":{"line":68,"column":37},"end":{"line":68,"column":38}},"loc":{"start":{"line":68,"column":54},"end":{"line":109,"column":3}}},"4":{"name":"(anonymous_5)","decl":{"start":{"line":71,"column":6},"end":{"line":71,"column":7}},"loc":{"start":{"line":71,"column":15},"end":{"line":81,"column":7}}},"5":{"name":"(anonymous_6)","decl":{"start":{"line":72,"column":16},"end":{"line":72,"column":17}},"loc":{"start":{"line":72,"column":20},"end":{"line":80,"column":9}}},"6":{"name":"(anonymous_7)","decl":{"start":{"line":74,"column":38},"end":{"line":74,"column":39}},"loc":{"start":{"line":74,"column":40},"end":{"line":74,"column":46}}},"7":{"name":"(anonymous_8)","decl":{"start":{"line":84,"column":12},"end":{"line":84,"column":13}},"loc":{"start":{"line":84,"column":18},"end":{"line":97,"column":7}}},"8":{"name":"(anonymous_9)","decl":{"start":{"line":85,"column":16},"end":{"line":85,"column":17}},"loc":{"start":{"line":85,"column":20},"end":{"line":96,"column":9}}},"9":{"name":"(anonymous_10)","decl":{"start":{"line":87,"column":38},"end":{"line":87,"column":39}},"loc":{"start":{"line":87,"column":40},"end":{"line":87,"column":46}}},"10":{"name":"(anonymous_11)","decl":{"start":{"line":98,"column":13},"end":{"line":98,"column":14}},"loc":{"start":{"line":98,"column":15},"end":{"line":108,"column":7}}},"11":{"name":"(anonymous_12)","decl":{"start":{"line":99,"column":16},"end":{"line":99,"column":17}},"loc":{"start":{"line":99,"column":20},"end":{"line":107,"column":9}}},"12":{"name":"(anonymous_13)","decl":{"start":{"line":101,"column":38},"end":{"line":101,"column":39}},"loc":{"start":{"line":101,"column":40},"end":{"line":101,"column":46}}},"13":{"name":"(anonymous_14)","decl":{"start":{"line":111,"column":12},"end":{"line":111,"column":null}},"loc":{"start":{"line":111,"column":12},"end":{"line":157,"column":3}}},"14":{"name":"(anonymous_15)","decl":{"start":{"line":112,"column":17},"end":{"line":112,"column":18}},"loc":{"start":{"line":112,"column":22},"end":{"line":156,"column":5}}},"15":{"name":"(anonymous_16)","decl":{"start":{"line":121,"column":18},"end":{"line":121,"column":19}},"loc":{"start":{"line":121,"column":22},"end":{"line":133,"column":13}}},"16":{"name":"(anonymous_17)","decl":{"start":{"line":134,"column":19},"end":{"line":134,"column":20}},"loc":{"start":{"line":134,"column":21},"end":{"line":141,"column":13}}},"17":{"name":"(anonymous_18)","decl":{"start":{"line":172,"column":12},"end":{"line":172,"column":13}},"loc":{"start":{"line":172,"column":34},"end":{"line":185,"column":5}}},"18":{"name":"(anonymous_19)","decl":{"start":{"line":173,"column":41},"end":{"line":173,"column":42}},"loc":{"start":{"line":173,"column":46},"end":{"line":174,"column":14}}},"19":{"name":"(anonymous_20)","decl":{"start":{"line":183,"column":14},"end":{"line":183,"column":15}},"loc":{"start":{"line":183,"column":18},"end":{"line":183,"column":27}}},"20":{"name":"(anonymous_21)","decl":{"start":{"line":184,"column":41},"end":{"line":184,"column":42}},"loc":{"start":{"line":184,"column":46},"end":{"line":184,"column":65}}},"21":{"name":"(anonymous_22)","decl":{"start":{"line":198,"column":12},"end":{"line":198,"column":13}},"loc":{"start":{"line":198,"column":18},"end":{"line":198,"column":null}}},"22":{"name":"(anonymous_23)","decl":{"start":{"line":230,"column":29},"end":{"line":230,"column":30}},"loc":{"start":{"line":230,"column":31},"end":{"line":230,"column":37}}},"23":{"name":"(anonymous_24)","decl":{"start":{"line":241,"column":36},"end":{"line":241,"column":37}},"loc":{"start":{"line":241,"column":41},"end":{"line":241,"column":50}}},"24":{"name":"(anonymous_25)","decl":{"start":{"line":244,"column":35},"end":{"line":244,"column":36}},"loc":{"start":{"line":244,"column":40},"end":{"line":244,"column":49}}},"25":{"name":"(anonymous_26)","decl":{"start":{"line":253,"column":25},"end":{"line":253,"column":26}},"loc":{"start":{"line":253,"column":34},"end":{"line":255,"column":13}}},"26":{"name":"(anonymous_27)","decl":{"start":{"line":284,"column":44},"end":{"line":284,"column":45}},"loc":{"start":{"line":284,"column":65},"end":{"line":286,"column":1}}}},"branchMap":{"0":{"loc":{"start":{"line":41,"column":19},"end":{"line":41,"column":null}},"type":"cond-expr","locations":[{"start":{"line":41,"column":22},"end":{"line":41,"column":24}},{"start":{"line":41,"column":24},"end":{"line":41,"column":null}}]},"1":{"loc":{"start":{"line":44,"column":58},"end":{"line":44,"column":71}},"type":"cond-expr","locations":[{"start":{"line":44,"column":61},"end":{"line":44,"column":66}},{"start":{"line":44,"column":66},"end":{"line":44,"column":71}}]},"2":{"loc":{"start":{"line":47,"column":6},"end":{"line":47,"column":64}},"type":"binary-expr","locations":[{"start":{"line":47,"column":6},"end":{"line":47,"column":58}},{"start":{"line":47,"column":62},"end":{"line":47,"column":64}}]},"3":{"loc":{"start":{"line":47,"column":6},"end":{"line":47,"column":58}},"type":"cond-expr","locations":[{"start":{"line":47,"column":51},"end":{"line":47,"column":53}},{"start":{"line":47,"column":51},"end":{"line":47,"column":58}}]},"4":{"loc":{"start":{"line":47,"column":6},"end":{"line":47,"column":53}},"type":"binary-expr","locations":[{"start":{"line":47,"column":6},"end":{"line":47,"column":53}},{"start":{"line":47,"column":51},"end":{"line":47,"column":53}}]},"5":{"loc":{"start":{"line":58,"column":6},"end":{"line":63,"column":null}},"type":"if","locations":[{"start":{"line":58,"column":6},"end":{"line":63,"column":null}}]},"6":{"loc":{"start":{"line":60,"column":8},"end":{"line":62,"column":null}},"type":"if","locations":[{"start":{"line":60,"column":8},"end":{"line":62,"column":null}}]},"7":{"loc":{"start":{"line":75,"column":10},"end":{"line":78,"column":null}},"type":"if","locations":[{"start":{"line":75,"column":10},"end":{"line":78,"column":null}}]},"8":{"loc":{"start":{"line":88,"column":10},"end":{"line":93,"column":null}},"type":"if","locations":[{"start":{"line":88,"column":10},"end":{"line":93,"column":null}}]},"9":{"loc":{"start":{"line":90,"column":14},"end":{"line":90,"column":62}},"type":"binary-expr","locations":[{"start":{"line":90,"column":14},"end":{"line":90,"column":19}},{"start":{"line":90,"column":23},"end":{"line":90,"column":62}}]},"10":{"loc":{"start":{"line":102,"column":10},"end":{"line":105,"column":null}},"type":"if","locations":[{"start":{"line":102,"column":10},"end":{"line":105,"column":null}}]},"11":{"loc":{"start":{"line":114,"column":6},"end":{"line":155,"column":null}},"type":"if","locations":[{"start":{"line":114,"column":6},"end":{"line":155,"column":null}}]},"12":{"loc":{"start":{"line":114,"column":10},"end":{"line":114,"column":73}},"type":"binary-expr","locations":[{"start":{"line":114,"column":10},"end":{"line":114,"column":37}},{"start":{"line":114,"column":41},"end":{"line":114,"column":73}}]},"13":{"loc":{"start":{"line":115,"column":8},"end":{"line":154,"column":null}},"type":"if","locations":[{"start":{"line":115,"column":8},"end":{"line":154,"column":null}},{"start":{"line":142,"column":15},"end":{"line":154,"column":null}}]},"14":{"loc":{"start":{"line":157,"column":6},"end":{"line":157,"column":58}},"type":"cond-expr","locations":[{"start":{"line":157,"column":51},"end":{"line":157,"column":53}},{"start":{"line":157,"column":51},"end":{"line":157,"column":58}}]},"15":{"loc":{"start":{"line":157,"column":6},"end":{"line":157,"column":53}},"type":"binary-expr","locations":[{"start":{"line":157,"column":6},"end":{"line":157,"column":53}},{"start":{"line":157,"column":51},"end":{"line":157,"column":53}}]},"16":{"loc":{"start":{"line":199,"column":22},"end":{"line":201,"column":23}},"type":"cond-expr","locations":[{"start":{"line":200,"column":14},"end":{"line":200,"column":76}},{"start":{"line":201,"column":14},"end":{"line":201,"column":23}}]},"17":{"loc":{"start":{"line":200,"column":33},"end":{"line":200,"column":75}},"type":"cond-expr","locations":[{"start":{"line":200,"column":66},"end":{"line":200,"column":69}},{"start":{"line":200,"column":72},"end":{"line":200,"column":75}}]},"18":{"loc":{"start":{"line":202,"column":14},"end":{"line":202,"column":77}},"type":"cond-expr","locations":[{"start":{"line":202,"column":52},"end":{"line":202,"column":72}},{"start":{"line":202,"column":75},"end":{"line":202,"column":77}}]},"19":{"loc":{"start":{"line":205,"column":14},"end":{"line":205,"column":41}},"type":"binary-expr","locations":[{"start":{"line":205,"column":14},"end":{"line":205,"column":35}},{"start":{"line":205,"column":39},"end":{"line":205,"column":41}}]},"20":{"loc":{"start":{"line":215,"column":18},"end":{"line":221,"column":24}},"type":"cond-expr","locations":[{"start":{"line":216,"column":22},"end":{"line":220,"column":null}},{"start":{"line":221,"column":22},"end":{"line":221,"column":24}}]},"21":{"loc":{"start":{"line":224,"column":18},"end":{"line":227,"column":31}},"type":"cond-expr","locations":[{"start":{"line":226,"column":22},"end":{"line":226,"column":29}},{"start":{"line":227,"column":22},"end":{"line":227,"column":31}}]},"22":{"loc":{"start":{"line":224,"column":18},"end":{"line":225,"column":74}},"type":"binary-expr","locations":[{"start":{"line":224,"column":18},"end":{"line":224,"column":64}},{"start":{"line":225,"column":18},"end":{"line":225,"column":74}}]},"23":{"loc":{"start":{"line":238,"column":7},"end":{"line":260,"column":14}},"type":"cond-expr","locations":[{"start":{"line":239,"column":8},"end":{"line":258,"column":null}},{"start":{"line":260,"column":10},"end":{"line":260,"column":14}}]},"24":{"loc":{"start":{"line":240,"column":11},"end":{"line":246,"column":18}},"type":"cond-expr","locations":[{"start":{"line":242,"column":12},"end":{"line":244,"column":null}},{"start":{"line":246,"column":14},"end":{"line":246,"column":18}}]},"25":{"loc":{"start":{"line":240,"column":11},"end":{"line":241,"column":71}},"type":"binary-expr","locations":[{"start":{"line":240,"column":11},"end":{"line":240,"column":36}},{"start":{"line":241,"column":11},"end":{"line":241,"column":22}},{"start":{"line":241,"column":26},"end":{"line":241,"column":70}}]},"26":{"loc":{"start":{"line":261,"column":7},"end":{"line":279,"column":14}},"type":"cond-expr","locations":[{"start":{"line":264,"column":8},"end":{"line":277,"column":null}},{"start":{"line":279,"column":10},"end":{"line":279,"column":14}}]},"27":{"loc":{"start":{"line":261,"column":7},"end":{"line":263,"column":63}},"type":"binary-expr","locations":[{"start":{"line":261,"column":7},"end":{"line":261,"column":17}},{"start":{"line":262,"column":7},"end":{"line":262,"column":53}},{"start":{"line":263,"column":8},"end":{"line":263,"column":62}}]},"28":{"loc":{"start":{"line":267,"column":14},"end":{"line":268,"column":72}},"type":"binary-expr","locations":[{"start":{"line":267,"column":14},"end":{"line":267,"column":62}},{"start":{"line":268,"column":14},"end":{"line":268,"column":72}}]},"29":{"loc":{"start":{"line":271,"column":13},"end":{"line":276,"column":26}},"type":"cond-expr","locations":[{"start":{"line":273,"column":16},"end":{"line":274,"column":null}},{"start":{"line":276,"column":16},"end":{"line":276,"column":26}}]},"30":{"loc":{"start":{"line":271,"column":13},"end":{"line":272,"column":68}},"type":"binary-expr","locations":[{"start":{"line":271,"column":13},"end":{"line":271,"column":59}},{"start":{"line":272,"column":12},"end":{"line":272,"column":68}}]}},"s":{"0":9,"1":9,"2":9,"3":9,"4":9,"5":9,"6":9,"7":9,"8":9,"9":9,"10":9,"11":9,"12":267,"13":38,"14":38,"15":38,"16":38,"17":38,"18":38,"19":152,"20":38,"21":38,"22":38,"23":38,"24":38,"25":38,"26":9,"27":9,"28":9,"29":9,"30":9,"31":9,"32":9,"33":9,"34":38,"35":3,"36":1,"37":1,"38":1,"39":2,"40":1,"41":1,"42":1,"43":1,"44":2,"45":2,"46":2,"47":4,"48":2,"49":2,"50":2,"51":2,"52":2,"53":2,"54":1,"55":1,"56":1,"57":2,"58":1,"59":1,"60":1,"61":1,"62":38,"63":11,"64":8,"65":8,"66":5,"67":4,"68":4,"69":4,"70":3,"71":3,"72":1,"73":1,"74":1,"75":1,"76":38,"77":3,"78":3,"79":3,"80":3,"81":3,"82":3,"83":38,"84":38,"85":38,"86":38,"87":38,"88":38,"89":38,"90":38,"91":37,"92":1,"93":30,"94":3,"95":1,"96":9,"97":29},"f":{"0":9,"1":9,"2":9,"3":3,"4":1,"5":1,"6":2,"7":2,"8":2,"9":4,"10":1,"11":1,"12":2,"13":11,"14":8,"15":3,"16":1,"17":3,"18":3,"19":3,"20":3,"21":37,"22":1,"23":30,"24":3,"25":1,"26":29},"b":{"0":[9,29],"1":[9,29],"2":[38,11],"3":[1,37],"4":[38,38],"5":[9],"6":[9],"7":[1],"8":[2],"9":[2,1],"10":[1],"11":[5],"12":[8,7],"13":[4,1],"14":[1,37],"15":[38,38],"16":[5,32],"17":[5,0],"18":[9,28],"19":[38,38],"20":[4,34],"21":[1,37],"22":[38,1],"23":[37,1],"24":[2,35],"25":[37,37,23],"26":[28,10],"27":[38,11,1],"28":[28,1],"29":[1,27],"30":[28,1]}}
}
