{"F:\\Projects\\GITHUB\\formalite\\packages\\formalite\\src\\components\\Formalite\\Formalite.tsx": {"path":"F:\\Projects\\GITHUB\\formalite\\packages\\formalite\\src\\components\\Formalite\\Formalite.tsx","statementMap":{"0":{"start":{"line":1,"column":0},"end":{"line":1,"column":62}},"1":{"start":{"line":2,"column":0},"end":{"line":2,"column":37}},"2":{"start":{"line":3,"column":0},"end":{"line":3,"column":78}},"3":{"start":{"line":4,"column":0},"end":{"line":4,"column":null}},"4":{"start":{"line":9,"column":0},"end":{"line":9,"column":72}},"5":{"start":{"line":10,"column":0},"end":{"line":10,"column":null}},"6":{"start":{"line":16,"column":0},"end":{"line":16,"column":66}},"7":{"start":{"line":18,"column":0},"end":{"line":18,"column":75}},"8":{"start":{"line":19,"column":0},"end":{"line":19,"column":90}},"9":{"start":{"line":20,"column":0},"end":{"line":20,"column":78}},"10":{"start":{"line":21,"column":0},"end":{"line":21,"column":87}},"11":{"start":{"line":22,"column":0},"end":{"line":22,"column":84}},"12":{"start":{"line":23,"column":0},"end":{"line":23,"column":115}},"13":{"start":{"line":24,"column":0},"end":{"line":24,"column":112}},"14":{"start":{"line":25,"column":0},"end":{"line":25,"column":109}},"15":{"start":{"line":26,"column":0},"end":{"line":26,"column":93}},"16":{"start":{"line":27,"column":0},"end":{"line":27,"column":90}},"17":{"start":{"line":28,"column":0},"end":{"line":28,"column":90}},"18":{"start":{"line":29,"column":0},"end":{"line":29,"column":96}},"19":{"start":{"line":30,"column":0},"end":{"line":30,"column":72}},"20":{"start":{"line":31,"column":0},"end":{"line":31,"column":105}},"21":{"start":{"line":32,"column":0},"end":{"line":32,"column":117}},"22":{"start":{"line":33,"column":0},"end":{"line":33,"column":105}},"23":{"start":{"line":34,"column":0},"end":{"line":34,"column":93}},"24":{"start":{"line":35,"column":0},"end":{"line":35,"column":99}},"25":{"start":{"line":36,"column":0},"end":{"line":36,"column":67}},"26":{"start":{"line":37,"column":0},"end":{"line":37,"column":78}},"27":{"start":{"line":38,"column":0},"end":{"line":38,"column":75}},"28":{"start":{"line":39,"column":0},"end":{"line":39,"column":115}},"29":{"start":{"line":41,"column":0},"end":{"line":41,"column":47}},"30":{"start":{"line":42,"column":0},"end":{"line":42,"column":47}},"31":{"start":{"line":43,"column":0},"end":{"line":43,"column":53}},"32":{"start":{"line":45,"column":29},"end":{"line":48,"column":2}},"33":{"start":{"line":50,"column":22},"end":{"line":72,"column":2}},"34":{"start":{"line":77,"column":18},"end":{"line":77,"column":40}},"35":{"start":{"line":78,"column":26},"end":{"line":79,"column":9}},"36":{"start":{"line":79,"column":2},"end":{"line":79,"column":49}},"37":{"start":{"line":80,"column":18},"end":{"line":192,"column":1}},"38":{"start":{"line":95,"column":6},"end":{"line":95,"column":12}},"39":{"start":{"line":82,"column":16},"end":{"line":82,"column":null}},"40":{"start":{"line":86,"column":9},"end":{"line":86,"column":null}},"41":{"start":{"line":87,"column":8},"end":{"line":87,"column":null}},"42":{"start":{"line":88,"column":11},"end":{"line":88,"column":null}},"43":{"start":{"line":89,"column":16},"end":{"line":89,"column":null}},"44":{"start":{"line":93,"column":14},"end":{"line":93,"column":null}},"45":{"start":{"line":97,"column":17},"end":{"line":108,"column":4}},"46":{"start":{"line":101,"column":34},"end":{"line":101,"column":36}},"47":{"start":{"line":102,"column":6},"end":{"line":106,"column":null}},"48":{"start":{"line":103,"column":8},"end":{"line":103,"column":55}},"49":{"start":{"line":105,"column":8},"end":{"line":105,"column":28}},"50":{"start":{"line":110,"column":2},"end":{"line":150,"column":6}},"51":{"start":{"line":110,"column":43},"end":{"line":150,"column":5}},"52":{"start":{"line":112,"column":6},"end":{"line":115,"column":null}},"53":{"start":{"line":113,"column":8},"end":{"line":113,"column":27}},"54":{"start":{"line":114,"column":8},"end":{"line":114,"column":25}},"55":{"start":{"line":117,"column":6},"end":{"line":127,"column":11}},"56":{"start":{"line":120,"column":10},"end":{"line":122,"column":null}},"57":{"start":{"line":121,"column":12},"end":{"line":121,"column":45}},"58":{"start":{"line":123,"column":10},"end":{"line":123,"column":32}},"59":{"start":{"line":126,"column":10},"end":{"line":126,"column":30}},"60":{"start":{"line":130,"column":6},"end":{"line":130,"column":44}},"61":{"start":{"line":136,"column":26},"end":{"line":136,"column":45}},"62":{"start":{"line":137,"column":43},"end":{"line":137,"column":45}},"63":{"start":{"line":138,"column":6},"end":{"line":146,"column":null}},"64":{"start":{"line":139,"column":8},"end":{"line":143,"column":11}},"65":{"start":{"line":140,"column":10},"end":{"line":142,"column":12}},"66":{"start":{"line":147,"column":6},"end":{"line":147,"column":29}},"67":{"start":{"line":148,"column":6},"end":{"line":148,"column":46}},"68":{"start":{"line":152,"column":2},"end":{"line":157,"column":16}},"69":{"start":{"line":153,"column":4},"end":{"line":155,"column":null}},"70":{"start":{"line":154,"column":6},"end":{"line":154,"column":38}},"71":{"start":{"line":159,"column":2},"end":{"line":191,"column":4}},"72":{"start":{"line":195,"column":6},"end":{"line":195,"column":null}},"73":{"start":{"line":196,"column":8},"end":{"line":196,"column":null}},"74":{"start":{"line":197,"column":9},"end":{"line":197,"column":null}},"75":{"start":{"line":198,"column":6},"end":{"line":198,"column":null}},"76":{"start":{"line":199,"column":14},"end":{"line":199,"column":null}},"77":{"start":{"line":200,"column":18},"end":{"line":200,"column":null}},"78":{"start":{"line":201,"column":9},"end":{"line":201,"column":null}},"79":{"start":{"line":202,"column":15},"end":{"line":202,"column":null}},"80":{"start":{"line":203,"column":12},"end":{"line":203,"column":null}},"81":{"start":{"line":215,"column":2},"end":{"line":239,"column":5}},"82":{"start":{"line":215,"column":47},"end":{"line":215,"column":49}},"83":{"start":{"line":215,"column":54},"end":{"line":215,"column":55}},"84":{"start":{"line":216,"column":16},"end":{"line":218,"column":19}},"85":{"start":{"line":219,"column":4},"end":{"line":237,"column":null}},"86":{"start":{"line":220,"column":30},"end":{"line":220,"column":58}},"87":{"start":{"line":221,"column":6},"end":{"line":236,"column":null}},"88":{"start":{"line":222,"column":8},"end":{"line":235,"column":10}},"89":{"start":{"line":238,"column":4},"end":{"line":238,"column":16}},"90":{"start":{"line":194,"column":0},"end":{"line":194,"column":16}},"91":{"start":{"line":242,"column":0},"end":{"line":251,"column":23}},"92":{"start":{"line":243,"column":2},"end":{"line":250,"column":null}},"93":{"start":{"line":244,"column":4},"end":{"line":247,"column":6}},"94":{"start":{"line":249,"column":4},"end":{"line":249,"column":16}}},"fnMap":{"0":{"name":"(anonymous_0)","decl":{"start":{"line":78,"column":26},"end":{"line":78,"column":27}},"loc":{"start":{"line":78,"column":69},"end":{"line":79,"column":9}}},"1":{"name":"(anonymous_1)","decl":{"start":{"line":80,"column":18},"end":{"line":80,"column":43}},"loc":{"start":{"line":80,"column":71},"end":{"line":192,"column":1}}},"2":{"name":"(anonymous_2)","decl":{"start":{"line":101,"column":14},"end":{"line":101,"column":15}},"loc":{"start":{"line":101,"column":36},"end":{"line":107,"column":5}}},"3":{"name":"(anonymous_3)","decl":{"start":{"line":110,"column":37},"end":{"line":110,"column":43}},"loc":{"start":{"line":110,"column":37},"end":{"line":110,"column":44}}},"4":{"name":"(anonymous_4)","decl":{"start":{"line":111,"column":16},"end":{"line":111,"column":17}},"loc":{"start":{"line":111,"column":32},"end":{"line":128,"column":5}}},"5":{"name":"(anonymous_5)","decl":{"start":{"line":119,"column":14},"end":{"line":119,"column":15}},"loc":{"start":{"line":119,"column":18},"end":{"line":124,"column":9}}},"6":{"name":"(anonymous_6)","decl":{"start":{"line":125,"column":15},"end":{"line":125,"column":16}},"loc":{"start":{"line":125,"column":17},"end":{"line":127,"column":9}}},"7":{"name":"(anonymous_7)","decl":{"start":{"line":129,"column":14},"end":{"line":129,"column":null}},"loc":{"start":{"line":129,"column":14},"end":{"line":133,"column":5}}},"8":{"name":"(anonymous_8)","decl":{"start":{"line":135,"column":12},"end":{"line":135,"column":13}},"loc":{"start":{"line":135,"column":17},"end":{"line":149,"column":5}}},"9":{"name":"(anonymous_9)","decl":{"start":{"line":139,"column":63},"end":{"line":139,"column":64}},"loc":{"start":{"line":139,"column":68},"end":{"line":143,"column":9}}},"10":{"name":"(anonymous_10)","decl":{"start":{"line":152,"column":12},"end":{"line":152,"column":null}},"loc":{"start":{"line":152,"column":12},"end":{"line":157,"column":3}}},"11":{"name":"itemRenderer","decl":{"start":{"line":194,"column":16},"end":{"line":194,"column":28}},"loc":{"start":{"line":214,"column":1},"end":{"line":240,"column":1}}},"12":{"name":"(anonymous_12)","decl":{"start":{"line":215,"column":34},"end":{"line":215,"column":35}},"loc":{"start":{"line":215,"column":55},"end":{"line":239,"column":3}}},"13":{"name":"(anonymous_13)","decl":{"start":{"line":242,"column":37},"end":{"line":242,"column":38}},"loc":{"start":{"line":242,"column":58},"end":{"line":251,"column":1}}}},"branchMap":{"0":{"loc":{"start":{"line":79,"column":2},"end":{"line":79,"column":48}},"type":"cond-expr","locations":[{"start":{"line":79,"column":30},"end":{"line":79,"column":40}},{"start":{"line":79,"column":43},"end":{"line":79,"column":48}}]},"1":{"loc":{"start":{"line":79,"column":30},"end":{"line":79,"column":40}},"type":"cond-expr","locations":[{"start":{"line":79,"column":35},"end":{"line":79,"column":37}},{"start":{"line":79,"column":30},"end":{"line":79,"column":40}}]},"2":{"loc":{"start":{"line":79,"column":30},"end":{"line":79,"column":37}},"type":"binary-expr","locations":[{"start":{"line":79,"column":30},"end":{"line":79,"column":37}},{"start":{"line":79,"column":30},"end":{"line":79,"column":37}}]},"3":{"loc":{"start":{"line":82,"column":16},"end":{"line":82,"column":null}},"type":"cond-expr","locations":[{"start":{"line":82,"column":19},"end":{"line":82,"column":20}},{"start":{"line":82,"column":20},"end":{"line":82,"column":null}}]},"4":{"loc":{"start":{"line":86,"column":9},"end":{"line":86,"column":null}},"type":"cond-expr","locations":[{"start":{"line":86,"column":12},"end":{"line":86,"column":17}},{"start":{"line":86,"column":17},"end":{"line":86,"column":null}}]},"5":{"loc":{"start":{"line":87,"column":8},"end":{"line":87,"column":null}},"type":"cond-expr","locations":[{"start":{"line":87,"column":11},"end":{"line":87,"column":15}},{"start":{"line":87,"column":15},"end":{"line":87,"column":null}}]},"6":{"loc":{"start":{"line":88,"column":11},"end":{"line":88,"column":null}},"type":"cond-expr","locations":[{"start":{"line":88,"column":14},"end":{"line":88,"column":19}},{"start":{"line":88,"column":19},"end":{"line":88,"column":null}}]},"7":{"loc":{"start":{"line":89,"column":16},"end":{"line":89,"column":null}},"type":"cond-expr","locations":[{"start":{"line":89,"column":19},"end":{"line":89,"column":24}},{"start":{"line":89,"column":24},"end":{"line":89,"column":null}}]},"8":{"loc":{"start":{"line":93,"column":14},"end":{"line":93,"column":null}},"type":"cond-expr","locations":[{"start":{"line":93,"column":17},"end":{"line":93,"column":34}},{"start":{"line":93,"column":34},"end":{"line":93,"column":null}}]},"9":{"loc":{"start":{"line":112,"column":6},"end":{"line":115,"column":null}},"type":"if","locations":[{"start":{"line":112,"column":6},"end":{"line":115,"column":null}}]},"10":{"loc":{"start":{"line":112,"column":10},"end":{"line":112,"column":27}},"type":"binary-expr","locations":[{"start":{"line":112,"column":10},"end":{"line":112,"column":17}},{"start":{"line":112,"column":21},"end":{"line":112,"column":27}}]},"11":{"loc":{"start":{"line":120,"column":10},"end":{"line":122,"column":null}},"type":"if","locations":[{"start":{"line":120,"column":10},"end":{"line":122,"column":null}}]},"12":{"loc":{"start":{"line":120,"column":14},"end":{"line":120,"column":47}},"type":"binary-expr","locations":[{"start":{"line":120,"column":14},"end":{"line":120,"column":37}},{"start":{"line":120,"column":41},"end":{"line":120,"column":47}}]},"13":{"loc":{"start":{"line":153,"column":4},"end":{"line":155,"column":null}},"type":"if","locations":[{"start":{"line":153,"column":4},"end":{"line":155,"column":null}}]},"14":{"loc":{"start":{"line":216,"column":16},"end":{"line":218,"column":19}},"type":"cond-expr","locations":[{"start":{"line":217,"column":8},"end":{"line":217,"column":57}},{"start":{"line":218,"column":8},"end":{"line":218,"column":19}}]},"15":{"loc":{"start":{"line":219,"column":4},"end":{"line":237,"column":null}},"type":"if","locations":[{"start":{"line":219,"column":4},"end":{"line":237,"column":null}}]},"16":{"loc":{"start":{"line":219,"column":8},"end":{"line":219,"column":69}},"type":"binary-expr","locations":[{"start":{"line":219,"column":9},"end":{"line":219,"column":29}},{"start":{"line":219,"column":33},"end":{"line":219,"column":45}},{"start":{"line":219,"column":50},"end":{"line":219,"column":69}}]},"17":{"loc":{"start":{"line":221,"column":6},"end":{"line":236,"column":null}},"type":"if","locations":[{"start":{"line":221,"column":6},"end":{"line":236,"column":null}}]},"18":{"loc":{"start":{"line":245,"column":6},"end":{"line":246,"column":45}},"type":"binary-expr","locations":[{"start":{"line":245,"column":6},"end":{"line":245,"column":51}},{"start":{"line":246,"column":6},"end":{"line":246,"column":45}}]}},"s":{"0":11,"1":11,"2":11,"3":11,"4":11,"5":11,"6":11,"7":11,"8":11,"9":11,"10":11,"11":11,"12":11,"13":11,"14":11,"15":11,"16":11,"17":11,"18":11,"19":11,"20":11,"21":11,"22":11,"23":11,"24":11,"25":11,"26":11,"27":11,"28":11,"29":11,"30":11,"31":11,"32":11,"33":11,"34":11,"35":11,"36":21,"37":11,"38":2408,"39":185,"40":185,"41":185,"42":185,"43":185,"44":185,"45":185,"46":0,"47":0,"48":0,"49":0,"50":185,"51":185,"52":1,"53":0,"54":0,"55":1,"56":1,"57":0,"58":1,"59":0,"60":0,"61":0,"62":0,"63":0,"64":0,"65":0,"66":0,"67":0,"68":185,"69":49,"70":48,"71":185,"72":235,"73":235,"74":235,"75":235,"76":235,"77":235,"78":235,"79":235,"80":235,"81":235,"82":485,"83":485,"84":485,"85":485,"86":485,"87":485,"88":485,"89":0,"90":11,"91":11,"92":0,"93":0,"94":0},"f":{"0":21,"1":188,"2":0,"3":185,"4":1,"5":1,"6":0,"7":0,"8":0,"9":0,"10":49,"11":235,"12":485,"13":0},"b":{"0":[0,21],"1":[0,0],"2":[0,0],"3":[175,10],"4":[185,0],"5":[0,185],"6":[175,10],"7":[185,0],"8":[185,0],"9":[0],"10":[1,0],"11":[0],"12":[1,1],"13":[48],"14":[80,405],"15":[485],"16":[485,0,485],"17":[485],"18":[0,0]}}
,"F:\\Projects\\GITHUB\\formalite\\packages\\formalite\\src\\components\\Formalite\\components\\FormObserver.tsx": {"path":"F:\\Projects\\GITHUB\\formalite\\packages\\formalite\\src\\components\\Formalite\\components\\FormObserver.tsx","statementMap":{"0":{"start":{"line":1,"column":0},"end":{"line":1,"column":40}},"1":{"start":{"line":2,"column":0},"end":{"line":2,"column":56}},"2":{"start":{"line":9,"column":21},"end":{"line":19,"column":1}},"3":{"start":{"line":10,"column":14},"end":{"line":10,"column":null}},"4":{"start":{"line":12,"column":17},"end":{"line":12,"column":38}},"5":{"start":{"line":13,"column":2},"end":{"line":17,"column":29}},"6":{"start":{"line":14,"column":4},"end":{"line":16,"column":null}},"7":{"start":{"line":15,"column":6},"end":{"line":15,"column":27}},"8":{"start":{"line":18,"column":2},"end":{"line":18,"column":14}},"9":{"start":{"line":20,"column":0},"end":{"line":20,"column":57}}},"fnMap":{"0":{"name":"(anonymous_0)","decl":{"start":{"line":9,"column":21},"end":{"line":9,"column":46}},"loc":{"start":{"line":11,"column":23},"end":{"line":19,"column":1}}},"1":{"name":"(anonymous_1)","decl":{"start":{"line":13,"column":12},"end":{"line":13,"column":null}},"loc":{"start":{"line":13,"column":12},"end":{"line":17,"column":3}}}},"branchMap":{"0":{"loc":{"start":{"line":14,"column":4},"end":{"line":16,"column":null}},"type":"if","locations":[{"start":{"line":14,"column":4},"end":{"line":16,"column":null}}]}},"s":{"0":11,"1":11,"2":11,"3":185,"4":185,"5":185,"6":185,"7":0,"8":185,"9":11},"f":{"0":185,"1":185},"b":{"0":[0]}}
,"F:\\Projects\\GITHUB\\formalite\\packages\\formalite\\src\\components\\Formalite\\components\\ViewError.tsx": {"path":"F:\\Projects\\GITHUB\\formalite\\packages\\formalite\\src\\components\\Formalite\\components\\ViewError.tsx","statementMap":{"0":{"start":{"line":1,"column":0},"end":{"line":1,"column":26}},"1":{"start":{"line":2,"column":0},"end":{"line":2,"column":71}},"2":{"start":{"line":3,"column":0},"end":{"line":3,"column":52}},"3":{"start":{"line":4,"column":0},"end":{"line":4,"column":63}},"4":{"start":{"line":12,"column":18},"end":{"line":31,"column":1}},"5":{"start":{"line":13,"column":43},"end":{"line":13,"column":49}},"6":{"start":{"line":14,"column":16},"end":{"line":14,"column":33}},"7":{"start":{"line":15,"column":22},"end":{"line":15,"column":42}},"8":{"start":{"line":15,"column":28},"end":{"line":15,"column":45}},"9":{"start":{"line":16,"column":2},"end":{"line":30,"column":4}},"10":{"start":{"line":20,"column":35},"end":{"line":20,"column":null}},"11":{"start":{"line":33,"column":0},"end":{"line":33,"column":37}}},"fnMap":{"0":{"name":"(anonymous_0)","decl":{"start":{"line":12,"column":18},"end":{"line":12,"column":19}},"loc":{"start":{"line":12,"column":40},"end":{"line":31,"column":1}}},"1":{"name":"(anonymous_1)","decl":{"start":{"line":15,"column":22},"end":{"line":15,"column":28}},"loc":{"start":{"line":15,"column":22},"end":{"line":15,"column":42}}},"2":{"name":"(anonymous_2)","decl":{"start":{"line":20,"column":24},"end":{"line":20,"column":25}},"loc":{"start":{"line":20,"column":30},"end":{"line":20,"column":36}}}},"branchMap":{"0":{"loc":{"start":{"line":21,"column":11},"end":{"line":21,"column":57}},"type":"binary-expr","locations":[{"start":{"line":21,"column":11},"end":{"line":21,"column":25}},{"start":{"line":21,"column":29},"end":{"line":21,"column":57}}]},"1":{"loc":{"start":{"line":21,"column":11},"end":{"line":21,"column":25}},"type":"cond-expr","locations":[{"start":{"line":21,"column":16},"end":{"line":21,"column":18}},{"start":{"line":21,"column":11},"end":{"line":21,"column":25}}]},"2":{"loc":{"start":{"line":21,"column":11},"end":{"line":21,"column":18}},"type":"binary-expr","locations":[{"start":{"line":21,"column":11},"end":{"line":21,"column":18}},{"start":{"line":21,"column":11},"end":{"line":21,"column":18}}]}},"s":{"0":11,"1":11,"2":11,"3":11,"4":11,"5":12,"6":4,"7":4,"8":2,"9":4,"10":4,"11":11},"f":{"0":4,"1":2,"2":4},"b":{"0":[4,2],"1":[2,2],"2":[4,4]}}
,"F:\\Projects\\GITHUB\\formalite\\packages\\formalite\\src\\components\\Formalite\\components\\ViewPending.tsx": {"path":"F:\\Projects\\GITHUB\\formalite\\packages\\formalite\\src\\components\\Formalite\\components\\ViewPending.tsx","statementMap":{"0":{"start":{"line":1,"column":0},"end":{"line":1,"column":63}},"1":{"start":{"line":2,"column":0},"end":{"line":2,"column":26}},"2":{"start":{"line":8,"column":20},"end":{"line":20,"column":1}},"3":{"start":{"line":9,"column":20},"end":{"line":9,"column":26}},"4":{"start":{"line":10,"column":2},"end":{"line":19,"column":4}},"5":{"start":{"line":22,"column":0},"end":{"line":22,"column":39}}},"fnMap":{"0":{"name":"(anonymous_0)","decl":{"start":{"line":8,"column":20},"end":{"line":8,"column":21}},"loc":{"start":{"line":8,"column":44},"end":{"line":20,"column":1}}}},"branchMap":{},"s":{"0":11,"1":11,"2":11,"3":29,"4":29,"5":11},"f":{"0":29},"b":{}}
,"F:\\Projects\\GITHUB\\formalite\\packages\\formalite\\src\\components\\Formalite\\config\\useFormaliteRef.ts": {"path":"F:\\Projects\\GITHUB\\formalite\\packages\\formalite\\src\\components\\Formalite\\config\\useFormaliteRef.ts","statementMap":{"0":{"start":{"line":1,"column":0},"end":{"line":1,"column":31}},"1":{"start":{"line":4,"column":31},"end":{"line":6,"column":1}},"2":{"start":{"line":5,"column":2},"end":{"line":5,"column":40}},"3":{"start":{"line":4,"column":13},"end":{"line":4,"column":31}}},"fnMap":{"0":{"name":"(anonymous_0)","decl":{"start":{"line":4,"column":31},"end":{"line":4,"column":null}},"loc":{"start":{"line":4,"column":31},"end":{"line":6,"column":1}}}},"branchMap":{},"s":{"0":11,"1":11,"2":49,"3":11},"f":{"0":49},"b":{}}
,"F:\\Projects\\GITHUB\\formalite\\packages\\formalite\\src\\components\\Formalite\\config\\utils.ts": {"path":"F:\\Projects\\GITHUB\\formalite\\packages\\formalite\\src\\components\\Formalite\\config\\utils.ts","statementMap":{"0":{"start":{"line":3,"column":0},"end":{"line":3,"column":30}},"1":{"start":{"line":4,"column":0},"end":{"line":4,"column":32}},"2":{"start":{"line":5,"column":0},"end":{"line":5,"column":65}},"3":{"start":{"line":19,"column":23},"end":{"line":21,"column":1}},"4":{"start":{"line":19,"column":32},"end":{"line":19,"column":34}},"5":{"start":{"line":19,"column":37},"end":{"line":19,"column":53}},"6":{"start":{"line":20,"column":2},"end":{"line":20,"column":36}},"7":{"start":{"line":19,"column":13},"end":{"line":19,"column":23}},"8":{"start":{"line":23,"column":39},"end":{"line":33,"column":1}},"9":{"start":{"line":24,"column":21},"end":{"line":24,"column":35}},"10":{"start":{"line":25,"column":21},"end":{"line":25,"column":46}},"11":{"start":{"line":26,"column":2},"end":{"line":30,"column":5}},"12":{"start":{"line":27,"column":4},"end":{"line":29,"column":null}},"13":{"start":{"line":28,"column":6},"end":{"line":28,"column":50}},"14":{"start":{"line":32,"column":2},"end":{"line":32,"column":22}},"15":{"start":{"line":23,"column":13},"end":{"line":23,"column":39}},"16":{"start":{"line":35,"column":21},"end":{"line":62,"column":1}},"17":{"start":{"line":36,"column":10},"end":{"line":36,"column":12}},"18":{"start":{"line":36,"column":24},"end":{"line":36,"column":26}},"19":{"start":{"line":36,"column":29},"end":{"line":36,"column":53}},"20":{"start":{"line":39,"column":23},"end":{"line":39,"column":51}},"21":{"start":{"line":41,"column":19},"end":{"line":41,"column":24}},"22":{"start":{"line":42,"column":22},"end":{"line":42,"column":47}},"23":{"start":{"line":44,"column":2},"end":{"line":59,"column":null}},"24":{"start":{"line":45,"column":4},"end":{"line":54,"column":7}},"25":{"start":{"line":46,"column":24},"end":{"line":47,"column":null}},"26":{"start":{"line":47,"column":8},"end":{"line":47,"column":null}},"27":{"start":{"line":50,"column":24},"end":{"line":50,"column":76}},"28":{"start":{"line":51,"column":6},"end":{"line":51,"column":60}},"29":{"start":{"line":53,"column":6},"end":{"line":53,"column":25}},"30":{"start":{"line":56,"column":18},"end":{"line":56,"column":60}},"31":{"start":{"line":58,"column":4},"end":{"line":58,"column":25}},"32":{"start":{"line":61,"column":2},"end":{"line":61,"column":20}},"33":{"start":{"line":64,"column":31},"end":{"line":70,"column":1}},"34":{"start":{"line":65,"column":8},"end":{"line":65,"column":null}},"35":{"start":{"line":66,"column":14},"end":{"line":66,"column":null}},"36":{"start":{"line":67,"column":5},"end":{"line":67,"column":null}},"37":{"start":{"line":69,"column":2},"end":{"line":69,"column":65}},"38":{"start":{"line":64,"column":13},"end":{"line":64,"column":31}},"39":{"start":{"line":72,"column":26},"end":{"line":78,"column":1}},"40":{"start":{"line":73,"column":8},"end":{"line":73,"column":null}},"41":{"start":{"line":74,"column":14},"end":{"line":74,"column":null}},"42":{"start":{"line":75,"column":5},"end":{"line":75,"column":null}},"43":{"start":{"line":77,"column":2},"end":{"line":77,"column":60}},"44":{"start":{"line":72,"column":13},"end":{"line":72,"column":26}},"45":{"start":{"line":80,"column":32},"end":{"line":82,"column":1}},"46":{"start":{"line":81,"column":2},"end":{"line":81,"column":41}},"47":{"start":{"line":80,"column":13},"end":{"line":80,"column":32}},"48":{"start":{"line":85,"column":2},"end":{"line":85,"column":41}},"49":{"start":{"line":84,"column":0},"end":{"line":84,"column":16}},"50":{"start":{"line":88,"column":31},"end":{"line":111,"column":1}},"51":{"start":{"line":89,"column":2},"end":{"line":98,"column":null}},"52":{"start":{"line":97,"column":4},"end":{"line":97,"column":14}},"53":{"start":{"line":100,"column":2},"end":{"line":108,"column":null}},"54":{"start":{"line":107,"column":4},"end":{"line":107,"column":16}},"55":{"start":{"line":110,"column":2},"end":{"line":110,"column":12}},"56":{"start":{"line":88,"column":13},"end":{"line":88,"column":31}},"57":{"start":{"line":113,"column":55},"end":{"line":121,"column":1}},"58":{"start":{"line":114,"column":13},"end":{"line":114,"column":15}},"59":{"start":{"line":116,"column":4},"end":{"line":116,"column":68}},"60":{"start":{"line":117,"column":2},"end":{"line":119,"column":null}},"61":{"start":{"line":117,"column":15},"end":{"line":117,"column":16}},"62":{"start":{"line":118,"column":4},"end":{"line":118,"column":73}},"63":{"start":{"line":120,"column":2},"end":{"line":120,"column":14}},"64":{"start":{"line":113,"column":13},"end":{"line":113,"column":55}},"65":{"start":{"line":123,"column":26},"end":{"line":141,"column":1}},"66":{"start":{"line":124,"column":8},"end":{"line":124,"column":null}},"67":{"start":{"line":125,"column":6},"end":{"line":125,"column":null}},"68":{"start":{"line":130,"column":2},"end":{"line":132,"column":null}},"69":{"start":{"line":131,"column":4},"end":{"line":131,"column":16}},"70":{"start":{"line":134,"column":19},"end":{"line":134,"column":23}},"71":{"start":{"line":135,"column":2},"end":{"line":139,"column":5}},"72":{"start":{"line":136,"column":4},"end":{"line":138,"column":null}},"73":{"start":{"line":137,"column":6},"end":{"line":137,"column":25}},"74":{"start":{"line":140,"column":2},"end":{"line":140,"column":20}},"75":{"start":{"line":123,"column":13},"end":{"line":123,"column":26}}},"fnMap":{"0":{"name":"(anonymous_0)","decl":{"start":{"line":19,"column":23},"end":{"line":19,"column":24}},"loc":{"start":{"line":19,"column":53},"end":{"line":21,"column":1}}},"1":{"name":"(anonymous_1)","decl":{"start":{"line":23,"column":39},"end":{"line":23,"column":40}},"loc":{"start":{"line":23,"column":51},"end":{"line":33,"column":1}}},"2":{"name":"(anonymous_2)","decl":{"start":{"line":26,"column":21},"end":{"line":26,"column":22}},"loc":{"start":{"line":26,"column":33},"end":{"line":30,"column":3}}},"3":{"name":"(anonymous_3)","decl":{"start":{"line":35,"column":21},"end":{"line":35,"column":null}},"loc":{"start":{"line":37,"column":14},"end":{"line":62,"column":1}}},"4":{"name":"(anonymous_4)","decl":{"start":{"line":45,"column":33},"end":{"line":45,"column":34}},"loc":{"start":{"line":45,"column":54},"end":{"line":54,"column":5}}},"5":{"name":"(anonymous_5)","decl":{"start":{"line":46,"column":43},"end":{"line":46,"column":44}},"loc":{"start":{"line":46,"column":47},"end":{"line":47,"column":15}}},"6":{"name":"(anonymous_6)","decl":{"start":{"line":64,"column":31},"end":{"line":64,"column":32}},"loc":{"start":{"line":68,"column":23},"end":{"line":70,"column":1}}},"7":{"name":"(anonymous_7)","decl":{"start":{"line":72,"column":26},"end":{"line":72,"column":27}},"loc":{"start":{"line":76,"column":23},"end":{"line":78,"column":1}}},"8":{"name":"(anonymous_8)","decl":{"start":{"line":80,"column":32},"end":{"line":80,"column":33}},"loc":{"start":{"line":80,"column":43},"end":{"line":82,"column":1}}},"9":{"name":"fData","decl":{"start":{"line":84,"column":16},"end":{"line":84,"column":21}},"loc":{"start":{"line":84,"column":45},"end":{"line":86,"column":1}}},"10":{"name":"(anonymous_10)","decl":{"start":{"line":88,"column":31},"end":{"line":88,"column":32}},"loc":{"start":{"line":88,"column":47},"end":{"line":111,"column":1}}},"11":{"name":"(anonymous_11)","decl":{"start":{"line":113,"column":55},"end":{"line":113,"column":null}},"loc":{"start":{"line":113,"column":55},"end":{"line":121,"column":1}}},"12":{"name":"(anonymous_12)","decl":{"start":{"line":123,"column":26},"end":{"line":123,"column":27}},"loc":{"start":{"line":129,"column":1},"end":{"line":141,"column":1}}},"13":{"name":"(anonymous_13)","decl":{"start":{"line":135,"column":17},"end":{"line":135,"column":18}},"loc":{"start":{"line":135,"column":22},"end":{"line":139,"column":3}}}},"branchMap":{"0":{"loc":{"start":{"line":27,"column":4},"end":{"line":29,"column":null}},"type":"if","locations":[{"start":{"line":27,"column":4},"end":{"line":29,"column":null}}]},"1":{"loc":{"start":{"line":27,"column":8},"end":{"line":27,"column":38}},"type":"binary-expr","locations":[{"start":{"line":27,"column":8},"end":{"line":27,"column":19}},{"start":{"line":27,"column":23},"end":{"line":27,"column":38}}]},"2":{"loc":{"start":{"line":44,"column":2},"end":{"line":59,"column":null}},"type":"if","locations":[{"start":{"line":44,"column":2},"end":{"line":59,"column":null}},{"start":{"line":55,"column":9},"end":{"line":59,"column":null}}]},"3":{"loc":{"start":{"line":44,"column":6},"end":{"line":44,"column":37}},"type":"cond-expr","locations":[{"start":{"line":44,"column":29},"end":{"line":44,"column":31}},{"start":{"line":44,"column":29},"end":{"line":44,"column":37}}]},"4":{"loc":{"start":{"line":44,"column":6},"end":{"line":44,"column":31}},"type":"binary-expr","locations":[{"start":{"line":44,"column":6},"end":{"line":44,"column":31}},{"start":{"line":44,"column":29},"end":{"line":44,"column":31}}]},"5":{"loc":{"start":{"line":44,"column":6},"end":{"line":44,"column":29}},"type":"cond-expr","locations":[{"start":{"line":44,"column":17},"end":{"line":44,"column":19}},{"start":{"line":44,"column":6},"end":{"line":44,"column":29}}]},"6":{"loc":{"start":{"line":44,"column":6},"end":{"line":44,"column":19}},"type":"binary-expr","locations":[{"start":{"line":44,"column":6},"end":{"line":44,"column":19}},{"start":{"line":44,"column":6},"end":{"line":44,"column":19}}]},"7":{"loc":{"start":{"line":89,"column":2},"end":{"line":98,"column":null}},"type":"if","locations":[{"start":{"line":89,"column":2},"end":{"line":98,"column":null}}]},"8":{"loc":{"start":{"line":100,"column":2},"end":{"line":108,"column":null}},"type":"if","locations":[{"start":{"line":100,"column":2},"end":{"line":108,"column":null}}]},"9":{"loc":{"start":{"line":130,"column":2},"end":{"line":132,"column":null}},"type":"if","locations":[{"start":{"line":130,"column":2},"end":{"line":132,"column":null}}]},"10":{"loc":{"start":{"line":136,"column":4},"end":{"line":138,"column":null}},"type":"if","locations":[{"start":{"line":136,"column":4},"end":{"line":138,"column":null}}]},"11":{"loc":{"start":{"line":136,"column":8},"end":{"line":136,"column":38}},"type":"binary-expr","locations":[{"start":{"line":136,"column":8},"end":{"line":136,"column":12}},{"start":{"line":136,"column":16},"end":{"line":136,"column":38}}]},"12":{"loc":{"start":{"line":136,"column":27},"end":{"line":136,"column":37}},"type":"binary-expr","locations":[{"start":{"line":136,"column":27},"end":{"line":136,"column":31}},{"start":{"line":136,"column":35},"end":{"line":136,"column":37}}]}},"s":{"0":11,"1":11,"2":11,"3":11,"4":3155,"5":3155,"6":3155,"7":11,"8":11,"9":642,"10":642,"11":642,"12":830,"13":76,"14":642,"15":11,"16":11,"17":411,"18":411,"19":411,"20":411,"21":411,"22":411,"23":411,"24":1,"25":1,"26":1,"27":1,"28":1,"29":1,"30":410,"31":410,"32":411,"33":11,"34":208,"35":208,"36":208,"37":208,"38":11,"39":11,"40":203,"41":203,"42":203,"43":203,"44":11,"45":11,"46":3,"47":11,"48":99,"49":11,"50":11,"51":2,"52":0,"53":2,"54":0,"55":2,"56":11,"57":11,"58":4,"59":4,"60":4,"61":4,"62":20,"63":4,"64":11,"65":11,"66":42,"67":42,"68":42,"69":0,"70":42,"71":42,"72":84,"73":3,"74":42,"75":11},"f":{"0":3155,"1":642,"2":830,"3":411,"4":1,"5":1,"6":208,"7":203,"8":3,"9":99,"10":2,"11":4,"12":42,"13":84},"b":{"0":[76],"1":[830,188],"2":[1,410],"3":[6,405],"4":[411,411],"5":[6,405],"6":[411,411],"7":[0],"8":[0],"9":[0],"10":[3],"11":[84,14],"12":[14,0]}}
,"F:\\Projects\\GITHUB\\formalite\\packages\\formalite\\src\\components\\Formalite\\config\\loadashGet\\baseGet.js": {"path":"F:\\Projects\\GITHUB\\formalite\\packages\\formalite\\src\\components\\Formalite\\config\\loadashGet\\baseGet.js","statementMap":{"0":{"start":{"line":6,"column":2},"end":{"line":6,"column":32}},"1":{"start":{"line":8,"column":14},"end":{"line":8,"column":15}},"2":{"start":{"line":9,"column":21},"end":{"line":9,"column":25}},"3":{"start":{"line":11,"column":2},"end":{"line":14,"column":3}},"4":{"start":{"line":13,"column":4},"end":{"line":13,"column":42}},"5":{"start":{"line":16,"column":2},"end":{"line":16,"column":55}}},"fnMap":{"0":{"name":"baseGet","decl":{"start":{"line":4,"column":9},"end":{"line":4,"column":16}},"loc":{"start":{"line":4,"column":31},"end":{"line":17,"column":1}},"line":4}},"branchMap":{"0":{"loc":{"start":{"line":11,"column":9},"end":{"line":11,"column":41}},"type":"binary-expr","locations":[{"start":{"line":11,"column":9},"end":{"line":11,"column":23}},{"start":{"line":11,"column":27},"end":{"line":11,"column":41}}],"line":11},"1":{"loc":{"start":{"line":16,"column":9},"end":{"line":16,"column":54}},"type":"cond-expr","locations":[{"start":{"line":16,"column":36},"end":{"line":16,"column":42}},{"start":{"line":16,"column":45},"end":{"line":16,"column":54}}],"line":16},"2":{"loc":{"start":{"line":16,"column":9},"end":{"line":16,"column":33}},"type":"binary-expr","locations":[{"start":{"line":16,"column":9},"end":{"line":16,"column":14}},{"start":{"line":16,"column":18},"end":{"line":16,"column":33}}],"line":16}},"s":{"0":0,"1":0,"2":0,"3":0,"4":0,"5":0},"f":{"0":0},"b":{"0":[0,0],"1":[0,0],"2":[0,0]},"inputSourceMap":null}
,"F:\\Projects\\GITHUB\\formalite\\packages\\formalite\\src\\components\\Formalite\\config\\loadashGet\\castPath.js": {"path":"F:\\Projects\\GITHUB\\formalite\\packages\\formalite\\src\\components\\Formalite\\config\\loadashGet\\castPath.js","statementMap":{"0":{"start":{"line":5,"column":2},"end":{"line":7,"column":3}},"1":{"start":{"line":6,"column":4},"end":{"line":6,"column":17}},"2":{"start":{"line":8,"column":2},"end":{"line":8,"column":62}}},"fnMap":{"0":{"name":"castPath","decl":{"start":{"line":4,"column":9},"end":{"line":4,"column":17}},"loc":{"start":{"line":4,"column":33},"end":{"line":9,"column":1}},"line":4}},"branchMap":{"0":{"loc":{"start":{"line":5,"column":2},"end":{"line":7,"column":3}},"type":"if","locations":[{"start":{"line":5,"column":2},"end":{"line":7,"column":3}},{"start":{},"end":{}}],"line":5},"1":{"loc":{"start":{"line":8,"column":9},"end":{"line":8,"column":61}},"type":"cond-expr","locations":[{"start":{"line":8,"column":32},"end":{"line":8,"column":39}},{"start":{"line":8,"column":42},"end":{"line":8,"column":61}}],"line":8}},"s":{"0":0,"1":0,"2":0},"f":{"0":0},"b":{"0":[0,0],"1":[0,0]},"inputSourceMap":null}
,"F:\\Projects\\GITHUB\\formalite\\packages\\formalite\\src\\components\\Formalite\\config\\loadashGet\\get.js": {"path":"F:\\Projects\\GITHUB\\formalite\\packages\\formalite\\src\\components\\Formalite\\config\\loadashGet\\get.js","statementMap":{"0":{"start":{"line":4,"column":17},"end":{"line":4,"column":67}},"1":{"start":{"line":5,"column":2},"end":{"line":5,"column":54}}},"fnMap":{"0":{"name":"get","decl":{"start":{"line":3,"column":9},"end":{"line":3,"column":12}},"loc":{"start":{"line":3,"column":41},"end":{"line":6,"column":1}},"line":3}},"branchMap":{"0":{"loc":{"start":{"line":4,"column":17},"end":{"line":4,"column":67}},"type":"cond-expr","locations":[{"start":{"line":4,"column":34},"end":{"line":4,"column":43}},{"start":{"line":4,"column":46},"end":{"line":4,"column":67}}],"line":4},"1":{"loc":{"start":{"line":5,"column":9},"end":{"line":5,"column":53}},"type":"cond-expr","locations":[{"start":{"line":5,"column":32},"end":{"line":5,"column":44}},{"start":{"line":5,"column":47},"end":{"line":5,"column":53}}],"line":5}},"s":{"0":0,"1":0},"f":{"0":0},"b":{"0":[0,0],"1":[0,0]},"inputSourceMap":null}
,"F:\\Projects\\GITHUB\\formalite\\packages\\formalite\\src\\components\\Formalite\\config\\loadashGet\\getTag.js": {"path":"F:\\Projects\\GITHUB\\formalite\\packages\\formalite\\src\\components\\Formalite\\config\\loadashGet\\getTag.js","statementMap":{"0":{"start":{"line":1,"column":21},"end":{"line":1,"column":37}},"1":{"start":{"line":4,"column":2},"end":{"line":6,"column":3}},"2":{"start":{"line":5,"column":4},"end":{"line":5,"column":72}},"3":{"start":{"line":7,"column":2},"end":{"line":7,"column":30}}},"fnMap":{"0":{"name":"getTag","decl":{"start":{"line":3,"column":9},"end":{"line":3,"column":15}},"loc":{"start":{"line":3,"column":23},"end":{"line":8,"column":1}},"line":3}},"branchMap":{"0":{"loc":{"start":{"line":4,"column":2},"end":{"line":6,"column":3}},"type":"if","locations":[{"start":{"line":4,"column":2},"end":{"line":6,"column":3}},{"start":{},"end":{}}],"line":4},"1":{"loc":{"start":{"line":5,"column":11},"end":{"line":5,"column":71}},"type":"cond-expr","locations":[{"start":{"line":5,"column":33},"end":{"line":5,"column":53}},{"start":{"line":5,"column":56},"end":{"line":5,"column":71}}],"line":5}},"s":{"0":0,"1":0,"2":0,"3":0},"f":{"0":0},"b":{"0":[0,0],"1":[0,0]},"inputSourceMap":null}
,"F:\\Projects\\GITHUB\\formalite\\packages\\formalite\\src\\components\\Formalite\\config\\loadashGet\\isKey.js": {"path":"F:\\Projects\\GITHUB\\formalite\\packages\\formalite\\src\\components\\Formalite\\config\\loadashGet\\isKey.js","statementMap":{"0":{"start":{"line":4,"column":21},"end":{"line":4,"column":71}},"1":{"start":{"line":5,"column":22},"end":{"line":5,"column":29}},"2":{"start":{"line":8,"column":2},"end":{"line":10,"column":3}},"3":{"start":{"line":9,"column":4},"end":{"line":9,"column":17}},"4":{"start":{"line":11,"column":15},"end":{"line":11,"column":27}},"5":{"start":{"line":12,"column":2},"end":{"line":19,"column":3}},"6":{"start":{"line":18,"column":4},"end":{"line":18,"column":16}},"7":{"start":{"line":20,"column":2},"end":{"line":24,"column":4}}},"fnMap":{"0":{"name":"isKey","decl":{"start":{"line":7,"column":9},"end":{"line":7,"column":14}},"loc":{"start":{"line":7,"column":30},"end":{"line":25,"column":1}},"line":7}},"branchMap":{"0":{"loc":{"start":{"line":8,"column":2},"end":{"line":10,"column":3}},"type":"if","locations":[{"start":{"line":8,"column":2},"end":{"line":10,"column":3}},{"start":{},"end":{}}],"line":8},"1":{"loc":{"start":{"line":12,"column":2},"end":{"line":19,"column":3}},"type":"if","locations":[{"start":{"line":12,"column":2},"end":{"line":19,"column":3}},{"start":{},"end":{}}],"line":12},"2":{"loc":{"start":{"line":13,"column":4},"end":{"line":16,"column":19}},"type":"binary-expr","locations":[{"start":{"line":13,"column":4},"end":{"line":13,"column":21}},{"start":{"line":14,"column":4},"end":{"line":14,"column":22}},{"start":{"line":15,"column":4},"end":{"line":15,"column":17}},{"start":{"line":16,"column":4},"end":{"line":16,"column":19}}],"line":13},"3":{"loc":{"start":{"line":21,"column":4},"end":{"line":23,"column":47}},"type":"binary-expr","locations":[{"start":{"line":21,"column":4},"end":{"line":21,"column":29}},{"start":{"line":22,"column":4},"end":{"line":22,"column":29}},{"start":{"line":23,"column":5},"end":{"line":23,"column":19}},{"start":{"line":23,"column":23},"end":{"line":23,"column":46}}],"line":21}},"s":{"0":0,"1":0,"2":0,"3":0,"4":0,"5":0,"6":0,"7":0},"f":{"0":0},"b":{"0":[0,0],"1":[0,0],"2":[0,0,0,0],"3":[0,0,0,0]},"inputSourceMap":null}
,"F:\\Projects\\GITHUB\\formalite\\packages\\formalite\\src\\components\\Formalite\\config\\loadashGet\\isSymbol.js": {"path":"F:\\Projects\\GITHUB\\formalite\\packages\\formalite\\src\\components\\Formalite\\config\\loadashGet\\isSymbol.js","statementMap":{"0":{"start":{"line":4,"column":15},"end":{"line":4,"column":27}},"1":{"start":{"line":5,"column":2},"end":{"line":10,"column":4}}},"fnMap":{"0":{"name":"isSymbol","decl":{"start":{"line":3,"column":9},"end":{"line":3,"column":17}},"loc":{"start":{"line":3,"column":25},"end":{"line":11,"column":1}},"line":3}},"branchMap":{"0":{"loc":{"start":{"line":7,"column":4},"end":{"line":9,"column":78}},"type":"binary-expr","locations":[{"start":{"line":7,"column":4},"end":{"line":7,"column":20}},{"start":{"line":9,"column":5},"end":{"line":9,"column":22}},{"start":{"line":9,"column":26},"end":{"line":9,"column":39}},{"start":{"line":9,"column":43},"end":{"line":9,"column":77}}],"line":7}},"s":{"0":0,"1":0},"f":{"0":0},"b":{"0":[0,0,0,0]},"inputSourceMap":null}
,"F:\\Projects\\GITHUB\\formalite\\packages\\formalite\\src\\components\\Formalite\\config\\loadashGet\\memoize.js": {"path":"F:\\Projects\\GITHUB\\formalite\\packages\\formalite\\src\\components\\Formalite\\config\\loadashGet\\memoize.js","statementMap":{"0":{"start":{"line":2,"column":2},"end":{"line":7,"column":3}},"1":{"start":{"line":6,"column":4},"end":{"line":6,"column":47}},"2":{"start":{"line":8,"column":19},"end":{"line":18,"column":3}},"3":{"start":{"line":9,"column":16},"end":{"line":9,"column":63}},"4":{"start":{"line":10,"column":22},"end":{"line":10,"column":30}},"5":{"start":{"line":12,"column":4},"end":{"line":14,"column":5}},"6":{"start":{"line":13,"column":6},"end":{"line":13,"column":28}},"7":{"start":{"line":15,"column":19},"end":{"line":15,"column":41}},"8":{"start":{"line":16,"column":4},"end":{"line":16,"column":53}},"9":{"start":{"line":17,"column":4},"end":{"line":17,"column":18}},"10":{"start":{"line":19,"column":2},"end":{"line":19,"column":48}},"11":{"start":{"line":20,"column":2},"end":{"line":20,"column":18}},"12":{"start":{"line":23,"column":0},"end":{"line":23,"column":20}}},"fnMap":{"0":{"name":"memoize","decl":{"start":{"line":1,"column":9},"end":{"line":1,"column":16}},"loc":{"start":{"line":1,"column":33},"end":{"line":21,"column":1}},"line":1},"1":{"name":"(anonymous_1)","decl":{"start":{"line":8,"column":19},"end":{"line":8,"column":20}},"loc":{"start":{"line":8,"column":38},"end":{"line":18,"column":3}},"line":8}},"branchMap":{"0":{"loc":{"start":{"line":2,"column":2},"end":{"line":7,"column":3}},"type":"if","locations":[{"start":{"line":2,"column":2},"end":{"line":7,"column":3}},{"start":{},"end":{}}],"line":2},"1":{"loc":{"start":{"line":3,"column":4},"end":{"line":4,"column":56}},"type":"binary-expr","locations":[{"start":{"line":3,"column":4},"end":{"line":3,"column":30}},{"start":{"line":4,"column":5},"end":{"line":4,"column":21}},{"start":{"line":4,"column":25},"end":{"line":4,"column":55}}],"line":3},"2":{"loc":{"start":{"line":9,"column":16},"end":{"line":9,"column":63}},"type":"cond-expr","locations":[{"start":{"line":9,"column":27},"end":{"line":9,"column":53}},{"start":{"line":9,"column":56},"end":{"line":9,"column":63}}],"line":9},"3":{"loc":{"start":{"line":12,"column":4},"end":{"line":14,"column":5}},"type":"if","locations":[{"start":{"line":12,"column":4},"end":{"line":14,"column":5}},{"start":{},"end":{}}],"line":12},"4":{"loc":{"start":{"line":16,"column":21},"end":{"line":16,"column":52}},"type":"binary-expr","locations":[{"start":{"line":16,"column":21},"end":{"line":16,"column":43}},{"start":{"line":16,"column":47},"end":{"line":16,"column":52}}],"line":16},"5":{"loc":{"start":{"line":19,"column":24},"end":{"line":19,"column":44}},"type":"binary-expr","locations":[{"start":{"line":19,"column":24},"end":{"line":19,"column":37}},{"start":{"line":19,"column":41},"end":{"line":19,"column":44}}],"line":19}},"s":{"0":0,"1":0,"2":0,"3":0,"4":0,"5":0,"6":0,"7":0,"8":0,"9":0,"10":0,"11":0,"12":0},"f":{"0":0,"1":0},"b":{"0":[0,0],"1":[0,0,0],"2":[0,0],"3":[0,0],"4":[0,0],"5":[0,0]},"inputSourceMap":null}
,"F:\\Projects\\GITHUB\\formalite\\packages\\formalite\\src\\components\\Formalite\\config\\loadashGet\\memoizeCapped.js": {"path":"F:\\Projects\\GITHUB\\formalite\\packages\\formalite\\src\\components\\Formalite\\config\\loadashGet\\memoizeCapped.js","statementMap":{"0":{"start":{"line":4,"column":25},"end":{"line":4,"column":28}},"1":{"start":{"line":7,"column":17},"end":{"line":13,"column":4}},"2":{"start":{"line":8,"column":22},"end":{"line":8,"column":28}},"3":{"start":{"line":9,"column":4},"end":{"line":11,"column":5}},"4":{"start":{"line":10,"column":6},"end":{"line":10,"column":20}},"5":{"start":{"line":12,"column":4},"end":{"line":12,"column":15}},"6":{"start":{"line":15,"column":2},"end":{"line":15,"column":16}}},"fnMap":{"0":{"name":"memoizeCapped","decl":{"start":{"line":6,"column":9},"end":{"line":6,"column":22}},"loc":{"start":{"line":6,"column":29},"end":{"line":16,"column":1}},"line":6},"1":{"name":"(anonymous_1)","decl":{"start":{"line":7,"column":31},"end":{"line":7,"column":32}},"loc":{"start":{"line":7,"column":40},"end":{"line":13,"column":3}},"line":7}},"branchMap":{"0":{"loc":{"start":{"line":9,"column":4},"end":{"line":11,"column":5}},"type":"if","locations":[{"start":{"line":9,"column":4},"end":{"line":11,"column":5}},{"start":{},"end":{}}],"line":9}},"s":{"0":0,"1":0,"2":0,"3":0,"4":0,"5":0,"6":0},"f":{"0":0,"1":0},"b":{"0":[0,0]},"inputSourceMap":null}
,"F:\\Projects\\GITHUB\\formalite\\packages\\formalite\\src\\components\\Formalite\\config\\loadashGet\\stringToPath.js": {"path":"F:\\Projects\\GITHUB\\formalite\\packages\\formalite\\src\\components\\Formalite\\config\\loadashGet\\stringToPath.js","statementMap":{"0":{"start":{"line":3,"column":22},"end":{"line":3,"column":39}},"1":{"start":{"line":4,"column":21},"end":{"line":4,"column":31}},"2":{"start":{"line":5,"column":19},"end":{"line":16,"column":1}},"3":{"start":{"line":18,"column":21},"end":{"line":33,"column":2}},"4":{"start":{"line":19,"column":17},"end":{"line":19,"column":19}},"5":{"start":{"line":20,"column":2},"end":{"line":22,"column":3}},"6":{"start":{"line":21,"column":4},"end":{"line":21,"column":20}},"7":{"start":{"line":23,"column":2},"end":{"line":31,"column":5}},"8":{"start":{"line":24,"column":14},"end":{"line":24,"column":19}},"9":{"start":{"line":25,"column":4},"end":{"line":29,"column":5}},"10":{"start":{"line":26,"column":6},"end":{"line":26,"column":50}},"11":{"start":{"line":27,"column":11},"end":{"line":29,"column":5}},"12":{"start":{"line":28,"column":6},"end":{"line":28,"column":30}},"13":{"start":{"line":30,"column":4},"end":{"line":30,"column":21}},"14":{"start":{"line":32,"column":2},"end":{"line":32,"column":16}}},"fnMap":{"0":{"name":"(anonymous_0)","decl":{"start":{"line":18,"column":35},"end":{"line":18,"column":36}},"loc":{"start":{"line":18,"column":47},"end":{"line":33,"column":1}},"line":18},"1":{"name":"(anonymous_1)","decl":{"start":{"line":23,"column":29},"end":{"line":23,"column":30}},"loc":{"start":{"line":23,"column":70},"end":{"line":31,"column":3}},"line":23}},"branchMap":{"0":{"loc":{"start":{"line":20,"column":2},"end":{"line":22,"column":3}},"type":"if","locations":[{"start":{"line":20,"column":2},"end":{"line":22,"column":3}},{"start":{},"end":{}}],"line":20},"1":{"loc":{"start":{"line":25,"column":4},"end":{"line":29,"column":5}},"type":"if","locations":[{"start":{"line":25,"column":4},"end":{"line":29,"column":5}},{"start":{"line":27,"column":11},"end":{"line":29,"column":5}}],"line":25},"2":{"loc":{"start":{"line":27,"column":11},"end":{"line":29,"column":5}},"type":"if","locations":[{"start":{"line":27,"column":11},"end":{"line":29,"column":5}},{"start":{},"end":{}}],"line":27}},"s":{"0":0,"1":0,"2":0,"3":0,"4":0,"5":0,"6":0,"7":0,"8":0,"9":0,"10":0,"11":0,"12":0,"13":0,"14":0},"f":{"0":0,"1":0},"b":{"0":[0,0],"1":[0,0],"2":[0,0]},"inputSourceMap":null}
,"F:\\Projects\\GITHUB\\formalite\\packages\\formalite\\src\\components\\Formalite\\config\\loadashGet\\toKey.js": {"path":"F:\\Projects\\GITHUB\\formalite\\packages\\formalite\\src\\components\\Formalite\\config\\loadashGet\\toKey.js","statementMap":{"0":{"start":{"line":4,"column":17},"end":{"line":4,"column":22}},"1":{"start":{"line":7,"column":2},"end":{"line":9,"column":3}},"2":{"start":{"line":8,"column":4},"end":{"line":8,"column":17}},"3":{"start":{"line":10,"column":17},"end":{"line":10,"column":27}},"4":{"start":{"line":12,"column":2},"end":{"line":12,"column":65}}},"fnMap":{"0":{"name":"toKey","decl":{"start":{"line":6,"column":9},"end":{"line":6,"column":14}},"loc":{"start":{"line":6,"column":22},"end":{"line":13,"column":1}},"line":6}},"branchMap":{"0":{"loc":{"start":{"line":7,"column":2},"end":{"line":9,"column":3}},"type":"if","locations":[{"start":{"line":7,"column":2},"end":{"line":9,"column":3}},{"start":{},"end":{}}],"line":7},"1":{"loc":{"start":{"line":7,"column":6},"end":{"line":7,"column":50}},"type":"binary-expr","locations":[{"start":{"line":7,"column":6},"end":{"line":7,"column":31}},{"start":{"line":7,"column":35},"end":{"line":7,"column":50}}],"line":7},"2":{"loc":{"start":{"line":12,"column":9},"end":{"line":12,"column":64}},"type":"cond-expr","locations":[{"start":{"line":12,"column":51},"end":{"line":12,"column":55}},{"start":{"line":12,"column":58},"end":{"line":12,"column":64}}],"line":12},"3":{"loc":{"start":{"line":12,"column":9},"end":{"line":12,"column":48}},"type":"binary-expr","locations":[{"start":{"line":12,"column":9},"end":{"line":12,"column":22}},{"start":{"line":12,"column":26},"end":{"line":12,"column":48}}],"line":12}},"s":{"0":0,"1":0,"2":0,"3":0,"4":0},"f":{"0":0},"b":{"0":[0,0],"1":[0,0],"2":[0,0],"3":[0,0]},"inputSourceMap":null}
,"F:\\Projects\\GITHUB\\formalite\\packages\\formalite\\src\\components\\Formalite\\elements\\ErrorFocus.ts": {"path":"F:\\Projects\\GITHUB\\formalite\\packages\\formalite\\src\\components\\Formalite\\elements\\ErrorFocus.ts","statementMap":{"0":{"start":{"line":1,"column":0},"end":{"line":1,"column":34}},"1":{"start":{"line":2,"column":0},"end":{"line":2,"column":56}},"2":{"start":{"line":14,"column":19},"end":{"line":41,"column":1}},"3":{"start":{"line":14,"column":29},"end":{"line":14,"column":31}},"4":{"start":{"line":14,"column":37},"end":{"line":14,"column":63}},"5":{"start":{"line":17,"column":2},"end":{"line":38,"column":null}},"6":{"start":{"line":18,"column":25},"end":{"line":18,"column":27}},"7":{"start":{"line":19,"column":4},"end":{"line":28,"column":null}},"8":{"start":{"line":19,"column":17},"end":{"line":19,"column":18}},"9":{"start":{"line":20,"column":6},"end":{"line":27,"column":null}},"10":{"start":{"line":21,"column":8},"end":{"line":23,"column":11}},"11":{"start":{"line":24,"column":8},"end":{"line":24,"column":14}},"12":{"start":{"line":29,"column":4},"end":{"line":32,"column":63}},"13":{"start":{"line":34,"column":4},"end":{"line":37,"column":75}},"14":{"start":{"line":40,"column":2},"end":{"line":40,"column":22}},"15":{"start":{"line":43,"column":19},"end":{"line":84,"column":1}},"16":{"start":{"line":45,"column":49},"end":{"line":45,"column":70}},"17":{"start":{"line":45,"column":22},"end":{"line":45,"column":24}},"18":{"start":{"line":45,"column":36},"end":{"line":45,"column":38}},"19":{"start":{"line":45,"column":44},"end":{"line":45,"column":49}},"20":{"start":{"line":47,"column":2},"end":{"line":80,"column":63}},"21":{"start":{"line":49,"column":17},"end":{"line":49,"column":66}},"22":{"start":{"line":51,"column":4},"end":{"line":79,"column":null}},"23":{"start":{"line":54,"column":27},"end":{"line":54,"column":58}},"24":{"start":{"line":56,"column":6},"end":{"line":78,"column":null}},"25":{"start":{"line":58,"column":10},"end":{"line":60,"column":28}},"26":{"start":{"line":63,"column":8},"end":{"line":75,"column":null}},"27":{"start":{"line":64,"column":10},"end":{"line":69,"column":13}},"28":{"start":{"line":71,"column":10},"end":{"line":74,"column":13}},"29":{"start":{"line":83,"column":2},"end":{"line":83,"column":14}},"30":{"start":{"line":86,"column":0},"end":{"line":86,"column":26}}},"fnMap":{"0":{"name":"(anonymous_0)","decl":{"start":{"line":14,"column":19},"end":{"line":14,"column":23}},"loc":{"start":{"line":14,"column":63},"end":{"line":41,"column":1}}},"1":{"name":"(anonymous_1)","decl":{"start":{"line":43,"column":19},"end":{"line":43,"column":23}},"loc":{"start":{"line":43,"column":39},"end":{"line":84,"column":1}}},"2":{"name":"(anonymous_2)","decl":{"start":{"line":47,"column":12},"end":{"line":47,"column":null}},"loc":{"start":{"line":47,"column":12},"end":{"line":80,"column":3}}}},"branchMap":{"0":{"loc":{"start":{"line":17,"column":2},"end":{"line":38,"column":null}},"type":"if","locations":[{"start":{"line":17,"column":2},"end":{"line":38,"column":null}},{"start":{"line":33,"column":9},"end":{"line":38,"column":null}}]},"1":{"loc":{"start":{"line":17,"column":6},"end":{"line":17,"column":51}},"type":"binary-expr","locations":[{"start":{"line":17,"column":6},"end":{"line":17,"column":17}},{"start":{"line":17,"column":21},"end":{"line":17,"column":51}}]},"2":{"loc":{"start":{"line":22,"column":10},"end":{"line":22,"column":59}},"type":"cond-expr","locations":[{"start":{"line":22,"column":54},"end":{"line":22,"column":57}},{"start":{"line":22,"column":54},"end":{"line":22,"column":59}}]},"3":{"loc":{"start":{"line":22,"column":10},"end":{"line":22,"column":57}},"type":"binary-expr","locations":[{"start":{"line":22,"column":10},"end":{"line":22,"column":57}},{"start":{"line":22,"column":54},"end":{"line":22,"column":57}}]},"4":{"loc":{"start":{"line":22,"column":22},"end":{"line":22,"column":53}},"type":"cond-expr","locations":[{"start":{"line":22,"column":48},"end":{"line":22,"column":51}},{"start":{"line":22,"column":48},"end":{"line":22,"column":53}}]},"5":{"loc":{"start":{"line":22,"column":22},"end":{"line":22,"column":51}},"type":"binary-expr","locations":[{"start":{"line":22,"column":22},"end":{"line":22,"column":51}},{"start":{"line":22,"column":48},"end":{"line":22,"column":51}}]},"6":{"loc":{"start":{"line":30,"column":6},"end":{"line":32,"column":62}},"type":"binary-expr","locations":[{"start":{"line":30,"column":6},"end":{"line":30,"column":55}},{"start":{"line":31,"column":6},"end":{"line":31,"column":58}},{"start":{"line":32,"column":6},"end":{"line":32,"column":62}}]},"7":{"loc":{"start":{"line":35,"column":6},"end":{"line":37,"column":74}},"type":"binary-expr","locations":[{"start":{"line":35,"column":6},"end":{"line":35,"column":67}},{"start":{"line":36,"column":6},"end":{"line":36,"column":70}},{"start":{"line":37,"column":6},"end":{"line":37,"column":74}}]},"8":{"loc":{"start":{"line":51,"column":4},"end":{"line":79,"column":null}},"type":"if","locations":[{"start":{"line":51,"column":4},"end":{"line":79,"column":null}}]},"9":{"loc":{"start":{"line":51,"column":8},"end":{"line":51,"column":56}},"type":"binary-expr","locations":[{"start":{"line":51,"column":8},"end":{"line":51,"column":23}},{"start":{"line":51,"column":27},"end":{"line":51,"column":39}},{"start":{"line":51,"column":43},"end":{"line":51,"column":56}}]},"10":{"loc":{"start":{"line":56,"column":6},"end":{"line":78,"column":null}},"type":"if","locations":[{"start":{"line":56,"column":6},"end":{"line":78,"column":null}}]},"11":{"loc":{"start":{"line":63,"column":8},"end":{"line":75,"column":null}},"type":"if","locations":[{"start":{"line":63,"column":8},"end":{"line":75,"column":null}},{"start":{"line":70,"column":15},"end":{"line":75,"column":null}}]}},"s":{"0":11,"1":11,"2":11,"3":0,"4":0,"5":0,"6":0,"7":0,"8":0,"9":0,"10":0,"11":0,"12":0,"13":0,"14":0,"15":11,"16":185,"17":185,"18":185,"19":185,"20":185,"21":127,"22":127,"23":0,"24":0,"25":0,"26":0,"27":0,"28":0,"29":185,"30":11},"f":{"0":0,"1":185,"2":127},"b":{"0":[0,0],"1":[0,0],"2":[0,0],"3":[0,0],"4":[0,0],"5":[0,0],"6":[0,0,0],"7":[0,0,0],"8":[0],"9":[127,4,0],"10":[0],"11":[0,0]}}
,"F:\\Projects\\GITHUB\\formalite\\packages\\formalite\\src\\components\\Formalite\\elements\\AutoCompleteView\\AutoCompleteView.tsx": {"path":"F:\\Projects\\GITHUB\\formalite\\packages\\formalite\\src\\components\\Formalite\\elements\\AutoCompleteView\\AutoCompleteView.tsx","statementMap":{"0":{"start":{"line":1,"column":0},"end":{"line":1,"column":64}},"1":{"start":{"line":4,"column":0},"end":{"line":4,"column":62}},"2":{"start":{"line":5,"column":0},"end":{"line":5,"column":41}},"3":{"start":{"line":7,"column":0},"end":{"line":7,"column":85}},"4":{"start":{"line":8,"column":0},"end":{"line":8,"column":78}},"5":{"start":{"line":9,"column":0},"end":{"line":9,"column":67}},"6":{"start":{"line":10,"column":0},"end":{"line":10,"column":58}},"7":{"start":{"line":11,"column":0},"end":{"line":11,"column":71}},"8":{"start":{"line":13,"column":0},"end":{"line":13,"column":51}},"9":{"start":{"line":29,"column":0},"end":{"line":29,"column":null}},"10":{"start":{"line":30,"column":2},"end":{"line":30,"column":null}},"11":{"start":{"line":31,"column":2},"end":{"line":31,"column":null}},"12":{"start":{"line":32,"column":2},"end":{"line":32,"column":null}},"13":{"start":{"line":46,"column":26},"end":{"line":53,"column":1}},"14":{"start":{"line":49,"column":2},"end":{"line":52,"column":6}},"15":{"start":{"line":49,"column":45},"end":{"line":49,"column":47}},"16":{"start":{"line":49,"column":52},"end":{"line":49,"column":53}},"17":{"start":{"line":49,"column":58},"end":{"line":52,"column":5}},"18":{"start":{"line":55,"column":25},"end":{"line":228,"column":1}},"19":{"start":{"line":59,"column":4},"end":{"line":59,"column":10}},"20":{"start":{"line":60,"column":47},"end":{"line":60,"column":65}},"21":{"start":{"line":60,"column":15},"end":{"line":60,"column":17}},"22":{"start":{"line":60,"column":27},"end":{"line":60,"column":32}},"23":{"start":{"line":60,"column":42},"end":{"line":60,"column":47}},"24":{"start":{"line":62,"column":45},"end":{"line":62,"column":76}},"25":{"start":{"line":62,"column":18},"end":{"line":62,"column":23}},"26":{"start":{"line":62,"column":40},"end":{"line":62,"column":45}},"27":{"start":{"line":64,"column":44},"end":{"line":67,"column":4}},"28":{"start":{"line":64,"column":22},"end":{"line":64,"column":24}},"29":{"start":{"line":64,"column":40},"end":{"line":64,"column":44}},"30":{"start":{"line":69,"column":25},"end":{"line":84,"column":3}},"31":{"start":{"line":70,"column":20},"end":{"line":70,"column":57}},"32":{"start":{"line":71,"column":23},"end":{"line":71,"column":68}},"33":{"start":{"line":72,"column":4},"end":{"line":82,"column":null}},"34":{"start":{"line":73,"column":6},"end":{"line":81,"column":9}},"35":{"start":{"line":74,"column":8},"end":{"line":80,"column":10}},"36":{"start":{"line":76,"column":12},"end":{"line":78,"column":null}},"37":{"start":{"line":83,"column":4},"end":{"line":83,"column":71}},"38":{"start":{"line":83,"column":36},"end":{"line":83,"column":62}},"39":{"start":{"line":87,"column":30},"end":{"line":110,"column":3}},"40":{"start":{"line":88,"column":23},"end":{"line":88,"column":50}},"41":{"start":{"line":89,"column":23},"end":{"line":89,"column":50}},"42":{"start":{"line":91,"column":4},"end":{"line":105,"column":null}},"43":{"start":{"line":92,"column":24},"end":{"line":97,"column":8}},"44":{"start":{"line":93,"column":8},"end":{"line":95,"column":null}},"45":{"start":{"line":94,"column":10},"end":{"line":94,"column":26}},"46":{"start":{"line":96,"column":8},"end":{"line":96,"column":58}},"47":{"start":{"line":98,"column":6},"end":{"line":98,"column":29}},"48":{"start":{"line":99,"column":11},"end":{"line":105,"column":null}},"49":{"start":{"line":100,"column":6},"end":{"line":100,"column":56}},"50":{"start":{"line":101,"column":11},"end":{"line":105,"column":null}},"51":{"start":{"line":102,"column":6},"end":{"line":102,"column":25}},"52":{"start":{"line":103,"column":11},"end":{"line":105,"column":null}},"53":{"start":{"line":104,"column":6},"end":{"line":104,"column":40}},"54":{"start":{"line":106,"column":4},"end":{"line":106,"column":43}},"55":{"start":{"line":107,"column":4},"end":{"line":109,"column":null}},"56":{"start":{"line":108,"column":6},"end":{"line":108,"column":27}},"57":{"start":{"line":112,"column":23},"end":{"line":131,"column":28}},"58":{"start":{"line":113,"column":4},"end":{"line":130,"column":null}},"59":{"start":{"line":114,"column":6},"end":{"line":114,"column":71}},"60":{"start":{"line":115,"column":25},"end":{"line":115,"column":55}},"61":{"start":{"line":116,"column":6},"end":{"line":129,"column":11}},"62":{"start":{"line":118,"column":10},"end":{"line":121,"column":13}},"63":{"start":{"line":124,"column":10},"end":{"line":128,"column":13}},"64":{"start":{"line":133,"column":2},"end":{"line":155,"column":29}},"65":{"start":{"line":134,"column":4},"end":{"line":154,"column":null}},"66":{"start":{"line":135,"column":6},"end":{"line":135,"column":21}},"67":{"start":{"line":136,"column":11},"end":{"line":154,"column":null}},"68":{"start":{"line":140,"column":6},"end":{"line":143,"column":9}},"69":{"start":{"line":144,"column":11},"end":{"line":154,"column":null}},"70":{"start":{"line":145,"column":6},"end":{"line":148,"column":9}},"71":{"start":{"line":149,"column":11},"end":{"line":154,"column":null}},"72":{"start":{"line":150,"column":6},"end":{"line":153,"column":9}},"73":{"start":{"line":157,"column":2},"end":{"line":163,"column":null}},"74":{"start":{"line":158,"column":4},"end":{"line":162,"column":6}},"75":{"start":{"line":164,"column":2},"end":{"line":227,"column":4}},"76":{"start":{"line":170,"column":34},"end":{"line":170,"column":null}},"77":{"start":{"line":172,"column":12},"end":{"line":177,"column":null}},"78":{"start":{"line":173,"column":14},"end":{"line":175,"column":null}},"79":{"start":{"line":174,"column":16},"end":{"line":174,"column":46}},"80":{"start":{"line":176,"column":14},"end":{"line":176,"column":42}},"81":{"start":{"line":178,"column":12},"end":{"line":180,"column":41}},"82":{"start":{"line":182,"column":35},"end":{"line":208,"column":null}},"83":{"start":{"line":229,"column":0},"end":{"line":236,"column":30}},"84":{"start":{"line":230,"column":27},"end":{"line":230,"column":57}},"85":{"start":{"line":231,"column":27},"end":{"line":231,"column":57}},"86":{"start":{"line":232,"column":2},"end":{"line":235,"column":4}}},"fnMap":{"0":{"name":"(anonymous_0)","decl":{"start":{"line":29,"column":0},"end":{"line":29,"column":5}},"loc":{"start":{"line":29,"column":21},"end":{"line":33,"column":1}}},"1":{"name":"(anonymous_1)","decl":{"start":{"line":46,"column":26},"end":{"line":46,"column":null}},"loc":{"start":{"line":47,"column":45},"end":{"line":53,"column":1}}},"2":{"name":"(anonymous_2)","decl":{"start":{"line":49,"column":40},"end":{"line":49,"column":41}},"loc":{"start":{"line":49,"column":53},"end":{"line":49,"column":59}}},"3":{"name":"(anonymous_3)","decl":{"start":{"line":55,"column":25},"end":{"line":55,"column":null}},"loc":{"start":{"line":56,"column":33},"end":{"line":228,"column":1}}},"4":{"name":"(anonymous_4)","decl":{"start":{"line":69,"column":25},"end":{"line":69,"column":null}},"loc":{"start":{"line":69,"column":25},"end":{"line":84,"column":3}}},"5":{"name":"(anonymous_5)","decl":{"start":{"line":73,"column":28},"end":{"line":73,"column":29}},"loc":{"start":{"line":73,"column":42},"end":{"line":81,"column":7}}},"6":{"name":"(anonymous_6)","decl":{"start":{"line":75,"column":23},"end":{"line":75,"column":24}},"loc":{"start":{"line":75,"column":30},"end":{"line":76,"column":29}}},"7":{"name":"(anonymous_7)","decl":{"start":{"line":83,"column":24},"end":{"line":83,"column":25}},"loc":{"start":{"line":83,"column":31},"end":{"line":83,"column":42}}},"8":{"name":"(anonymous_8)","decl":{"start":{"line":87,"column":30},"end":{"line":87,"column":31}},"loc":{"start":{"line":87,"column":58},"end":{"line":110,"column":3}}},"9":{"name":"(anonymous_9)","decl":{"start":{"line":92,"column":34},"end":{"line":92,"column":35}},"loc":{"start":{"line":92,"column":43},"end":{"line":97,"column":7}}},"10":{"name":"(anonymous_10)","decl":{"start":{"line":112,"column":35},"end":{"line":112,"column":null}},"loc":{"start":{"line":112,"column":35},"end":{"line":131,"column":3}}},"11":{"name":"(anonymous_11)","decl":{"start":{"line":117,"column":14},"end":{"line":117,"column":15}},"loc":{"start":{"line":117,"column":18},"end":{"line":122,"column":9}}},"12":{"name":"(anonymous_12)","decl":{"start":{"line":123,"column":15},"end":{"line":123,"column":16}},"loc":{"start":{"line":123,"column":17},"end":{"line":129,"column":9}}},"13":{"name":"(anonymous_13)","decl":{"start":{"line":133,"column":12},"end":{"line":133,"column":null}},"loc":{"start":{"line":133,"column":12},"end":{"line":155,"column":3}}},"14":{"name":"(anonymous_14)","decl":{"start":{"line":170,"column":20},"end":{"line":170,"column":21}},"loc":{"start":{"line":170,"column":29},"end":{"line":170,"column":53}}},"15":{"name":"(anonymous_15)","decl":{"start":{"line":171,"column":32},"end":{"line":171,"column":33}},"loc":{"start":{"line":171,"column":46},"end":{"line":181,"column":11}}},"16":{"name":"(anonymous_16)","decl":{"start":{"line":182,"column":23},"end":{"line":182,"column":24}},"loc":{"start":{"line":182,"column":30},"end":{"line":182,"column":null}}},"17":{"name":"(anonymous_17)","decl":{"start":{"line":229,"column":44},"end":{"line":229,"column":45}},"loc":{"start":{"line":229,"column":65},"end":{"line":236,"column":1}}}},"branchMap":{"0":{"loc":{"start":{"line":29,"column":5},"end":{"line":29,"column":null}},"type":"binary-expr","locations":[{"start":{"line":29,"column":5},"end":{"line":29,"column":21}},{"start":{"line":29,"column":5},"end":{"line":29,"column":null}}]},"1":{"loc":{"start":{"line":62,"column":45},"end":{"line":62,"column":76}},"type":"binary-expr","locations":[{"start":{"line":62,"column":45},"end":{"line":62,"column":70}},{"start":{"line":62,"column":74},"end":{"line":62,"column":76}}]},"2":{"loc":{"start":{"line":72,"column":4},"end":{"line":82,"column":null}},"type":"if","locations":[{"start":{"line":72,"column":4},"end":{"line":82,"column":null}}]},"3":{"loc":{"start":{"line":75,"column":10},"end":{"line":79,"column":43}},"type":"binary-expr","locations":[{"start":{"line":75,"column":10},"end":{"line":78,"column":null}},{"start":{"line":79,"column":15},"end":{"line":79,"column":43}}]},"4":{"loc":{"start":{"line":76,"column":12},"end":{"line":78,"column":36}},"type":"cond-expr","locations":[{"start":{"line":77,"column":16},"end":{"line":77,"column":38}},{"start":{"line":78,"column":16},"end":{"line":78,"column":36}}]},"5":{"loc":{"start":{"line":76,"column":12},"end":{"line":76,"column":39}},"type":"cond-expr","locations":[{"start":{"line":76,"column":29},"end":{"line":76,"column":31}},{"start":{"line":76,"column":12},"end":{"line":76,"column":39}}]},"6":{"loc":{"start":{"line":76,"column":12},"end":{"line":76,"column":31}},"type":"binary-expr","locations":[{"start":{"line":76,"column":12},"end":{"line":76,"column":31}},{"start":{"line":76,"column":12},"end":{"line":76,"column":31}}]},"7":{"loc":{"start":{"line":83,"column":11},"end":{"line":83,"column":70}},"type":"binary-expr","locations":[{"start":{"line":83,"column":11},"end":{"line":83,"column":62}},{"start":{"line":83,"column":66},"end":{"line":83,"column":70}}]},"8":{"loc":{"start":{"line":88,"column":23},"end":{"line":88,"column":50}},"type":"cond-expr","locations":[{"start":{"line":88,"column":40},"end":{"line":88,"column":42}},{"start":{"line":88,"column":23},"end":{"line":88,"column":50}}]},"9":{"loc":{"start":{"line":88,"column":23},"end":{"line":88,"column":42}},"type":"binary-expr","locations":[{"start":{"line":88,"column":23},"end":{"line":88,"column":42}},{"start":{"line":88,"column":23},"end":{"line":88,"column":42}}]},"10":{"loc":{"start":{"line":89,"column":23},"end":{"line":89,"column":50}},"type":"cond-expr","locations":[{"start":{"line":89,"column":40},"end":{"line":89,"column":42}},{"start":{"line":89,"column":23},"end":{"line":89,"column":50}}]},"11":{"loc":{"start":{"line":89,"column":23},"end":{"line":89,"column":42}},"type":"binary-expr","locations":[{"start":{"line":89,"column":23},"end":{"line":89,"column":42}},{"start":{"line":89,"column":23},"end":{"line":89,"column":42}}]},"12":{"loc":{"start":{"line":91,"column":4},"end":{"line":105,"column":null}},"type":"if","locations":[{"start":{"line":91,"column":4},"end":{"line":105,"column":null}},{"start":{"line":99,"column":11},"end":{"line":105,"column":null}}]},"13":{"loc":{"start":{"line":91,"column":8},"end":{"line":91,"column":44}},"type":"binary-expr","locations":[{"start":{"line":91,"column":8},"end":{"line":91,"column":18}},{"start":{"line":91,"column":22},"end":{"line":91,"column":44}}]},"14":{"loc":{"start":{"line":93,"column":8},"end":{"line":95,"column":null}},"type":"if","locations":[{"start":{"line":93,"column":8},"end":{"line":95,"column":null}}]},"15":{"loc":{"start":{"line":96,"column":15},"end":{"line":96,"column":57}},"type":"cond-expr","locations":[{"start":{"line":96,"column":28},"end":{"line":96,"column":42}},{"start":{"line":96,"column":45},"end":{"line":96,"column":57}}]},"16":{"loc":{"start":{"line":99,"column":11},"end":{"line":105,"column":null}},"type":"if","locations":[{"start":{"line":99,"column":11},"end":{"line":105,"column":null}},{"start":{"line":101,"column":11},"end":{"line":105,"column":null}}]},"17":{"loc":{"start":{"line":99,"column":15},"end":{"line":99,"column":67}},"type":"binary-expr","locations":[{"start":{"line":99,"column":15},"end":{"line":99,"column":38}},{"start":{"line":99,"column":42},"end":{"line":99,"column":67}}]},"18":{"loc":{"start":{"line":100,"column":19},"end":{"line":100,"column":55}},"type":"cond-expr","locations":[{"start":{"line":100,"column":32},"end":{"line":100,"column":43}},{"start":{"line":100,"column":46},"end":{"line":100,"column":55}}]},"19":{"loc":{"start":{"line":101,"column":11},"end":{"line":105,"column":null}},"type":"if","locations":[{"start":{"line":101,"column":11},"end":{"line":105,"column":null}},{"start":{"line":103,"column":11},"end":{"line":105,"column":null}}]},"20":{"loc":{"start":{"line":103,"column":11},"end":{"line":105,"column":null}},"type":"if","locations":[{"start":{"line":103,"column":11},"end":{"line":105,"column":null}}]},"21":{"loc":{"start":{"line":104,"column":19},"end":{"line":104,"column":39}},"type":"cond-expr","locations":[{"start":{"line":104,"column":32},"end":{"line":104,"column":34}},{"start":{"line":104,"column":37},"end":{"line":104,"column":39}}]},"22":{"loc":{"start":{"line":107,"column":4},"end":{"line":109,"column":null}},"type":"if","locations":[{"start":{"line":107,"column":4},"end":{"line":109,"column":null}}]},"23":{"loc":{"start":{"line":113,"column":4},"end":{"line":130,"column":null}},"type":"if","locations":[{"start":{"line":113,"column":4},"end":{"line":130,"column":null}}]},"24":{"loc":{"start":{"line":134,"column":4},"end":{"line":154,"column":null}},"type":"if","locations":[{"start":{"line":134,"column":4},"end":{"line":154,"column":null}},{"start":{"line":136,"column":11},"end":{"line":154,"column":null}}]},"25":{"loc":{"start":{"line":136,"column":11},"end":{"line":154,"column":null}},"type":"if","locations":[{"start":{"line":136,"column":11},"end":{"line":154,"column":null}},{"start":{"line":144,"column":11},"end":{"line":154,"column":null}}]},"26":{"loc":{"start":{"line":137,"column":6},"end":{"line":138,"column":67}},"type":"binary-expr","locations":[{"start":{"line":137,"column":6},"end":{"line":137,"column":32}},{"start":{"line":138,"column":7},"end":{"line":138,"column":36}},{"start":{"line":138,"column":40},"end":{"line":138,"column":66}}]},"27":{"loc":{"start":{"line":144,"column":11},"end":{"line":154,"column":null}},"type":"if","locations":[{"start":{"line":144,"column":11},"end":{"line":154,"column":null}},{"start":{"line":149,"column":11},"end":{"line":154,"column":null}}]},"28":{"loc":{"start":{"line":149,"column":11},"end":{"line":154,"column":null}},"type":"if","locations":[{"start":{"line":149,"column":11},"end":{"line":154,"column":null}}]},"29":{"loc":{"start":{"line":157,"column":2},"end":{"line":163,"column":null}},"type":"if","locations":[{"start":{"line":157,"column":2},"end":{"line":163,"column":null}}]},"30":{"loc":{"start":{"line":166,"column":7},"end":{"line":210,"column":null}},"type":"binary-expr","locations":[{"start":{"line":166,"column":7},"end":{"line":166,"column":54}},{"start":{"line":167,"column":8},"end":{"line":209,"column":null}}]},"31":{"loc":{"start":{"line":172,"column":12},"end":{"line":177,"column":null}},"type":"if","locations":[{"start":{"line":172,"column":12},"end":{"line":177,"column":null}}]},"32":{"loc":{"start":{"line":173,"column":14},"end":{"line":175,"column":null}},"type":"if","locations":[{"start":{"line":173,"column":14},"end":{"line":175,"column":null}}]},"33":{"loc":{"start":{"line":173,"column":18},"end":{"line":173,"column":45}},"type":"cond-expr","locations":[{"start":{"line":173,"column":35},"end":{"line":173,"column":37}},{"start":{"line":173,"column":18},"end":{"line":173,"column":45}}]},"34":{"loc":{"start":{"line":173,"column":18},"end":{"line":173,"column":37}},"type":"binary-expr","locations":[{"start":{"line":173,"column":18},"end":{"line":173,"column":37}},{"start":{"line":173,"column":18},"end":{"line":173,"column":37}}]},"35":{"loc":{"start":{"line":178,"column":19},"end":{"line":180,"column":40}},"type":"cond-expr","locations":[{"start":{"line":179,"column":16},"end":{"line":179,"column":44}},{"start":{"line":180,"column":16},"end":{"line":180,"column":40}}]},"36":{"loc":{"start":{"line":178,"column":19},"end":{"line":178,"column":46}},"type":"cond-expr","locations":[{"start":{"line":178,"column":36},"end":{"line":178,"column":38}},{"start":{"line":178,"column":19},"end":{"line":178,"column":46}}]},"37":{"loc":{"start":{"line":178,"column":19},"end":{"line":178,"column":38}},"type":"binary-expr","locations":[{"start":{"line":178,"column":19},"end":{"line":178,"column":38}},{"start":{"line":178,"column":19},"end":{"line":178,"column":38}}]},"38":{"loc":{"start":{"line":191,"column":16},"end":{"line":192,"column":70}},"type":"binary-expr","locations":[{"start":{"line":191,"column":16},"end":{"line":191,"column":62}},{"start":{"line":192,"column":16},"end":{"line":192,"column":70}}]},"39":{"loc":{"start":{"line":196,"column":16},"end":{"line":199,"column":30}},"type":"cond-expr","locations":[{"start":{"line":198,"column":20},"end":{"line":198,"column":77}},{"start":{"line":199,"column":20},"end":{"line":199,"column":30}}]},"40":{"loc":{"start":{"line":196,"column":16},"end":{"line":197,"column":61}},"type":"binary-expr","locations":[{"start":{"line":196,"column":16},"end":{"line":196,"column":62}},{"start":{"line":197,"column":16},"end":{"line":197,"column":61}}]},"41":{"loc":{"start":{"line":204,"column":20},"end":{"line":204,"column":62}},"type":"cond-expr","locations":[{"start":{"line":204,"column":40},"end":{"line":204,"column":57}},{"start":{"line":204,"column":60},"end":{"line":204,"column":62}}]},"42":{"loc":{"start":{"line":205,"column":20},"end":{"line":205,"column":70}},"type":"cond-expr","locations":[{"start":{"line":205,"column":44},"end":{"line":205,"column":65}},{"start":{"line":205,"column":68},"end":{"line":205,"column":70}}]},"43":{"loc":{"start":{"line":209,"column":15},"end":{"line":209,"column":38}},"type":"binary-expr","locations":[{"start":{"line":209,"column":15},"end":{"line":209,"column":32}},{"start":{"line":209,"column":36},"end":{"line":209,"column":38}}]},"44":{"loc":{"start":{"line":212,"column":7},"end":{"line":213,"column":null}},"type":"binary-expr","locations":[{"start":{"line":212,"column":7},"end":{"line":212,"column":56}},{"start":{"line":213,"column":8},"end":{"line":213,"column":37}}]},"45":{"loc":{"start":{"line":215,"column":7},"end":{"line":224,"column":null}},"type":"binary-expr","locations":[{"start":{"line":215,"column":7},"end":{"line":215,"column":57}},{"start":{"line":216,"column":8},"end":{"line":223,"column":null}}]},"46":{"loc":{"start":{"line":219,"column":12},"end":{"line":221,"column":45}},"type":"cond-expr","locations":[{"start":{"line":220,"column":16},"end":{"line":220,"column":28}},{"start":{"line":221,"column":16},"end":{"line":221,"column":45}}]},"47":{"loc":{"start":{"line":219,"column":12},"end":{"line":219,"column":38}},"type":"cond-expr","locations":[{"start":{"line":219,"column":19},"end":{"line":219,"column":21}},{"start":{"line":219,"column":12},"end":{"line":219,"column":38}}]},"48":{"loc":{"start":{"line":219,"column":12},"end":{"line":219,"column":21}},"type":"binary-expr","locations":[{"start":{"line":219,"column":12},"end":{"line":219,"column":21}},{"start":{"line":219,"column":12},"end":{"line":219,"column":21}}]},"49":{"loc":{"start":{"line":221,"column":16},"end":{"line":221,"column":45}},"type":"cond-expr","locations":[{"start":{"line":221,"column":23},"end":{"line":221,"column":25}},{"start":{"line":221,"column":16},"end":{"line":221,"column":45}}]},"50":{"loc":{"start":{"line":221,"column":16},"end":{"line":221,"column":25}},"type":"binary-expr","locations":[{"start":{"line":221,"column":16},"end":{"line":221,"column":25}},{"start":{"line":221,"column":16},"end":{"line":221,"column":25}}]},"51":{"loc":{"start":{"line":233,"column":4},"end":{"line":234,"column":47}},"type":"binary-expr","locations":[{"start":{"line":233,"column":4},"end":{"line":233,"column":34}},{"start":{"line":234,"column":4},"end":{"line":234,"column":47}}]}},"s":{"0":11,"1":11,"2":11,"3":11,"4":11,"5":11,"6":11,"7":11,"8":11,"9":11,"10":11,"11":11,"12":11,"13":11,"14":6,"15":12,"16":12,"17":12,"18":11,"19":42,"20":7,"21":7,"22":7,"23":7,"24":7,"25":7,"26":7,"27":7,"28":7,"29":7,"30":7,"31":3,"32":3,"33":3,"34":3,"35":0,"36":0,"37":0,"38":0,"39":7,"40":0,"41":0,"42":0,"43":0,"44":0,"45":0,"46":0,"47":0,"48":0,"49":0,"50":0,"51":0,"52":0,"53":0,"54":0,"55":0,"56":0,"57":7,"58":0,"59":0,"60":0,"61":0,"62":0,"63":0,"64":7,"65":3,"66":0,"67":3,"68":0,"69":3,"70":0,"71":3,"72":3,"73":7,"74":2,"75":5,"76":0,"77":0,"78":0,"79":0,"80":0,"81":0,"82":5,"83":11,"84":7,"85":7,"86":7},"f":{"0":11,"1":6,"2":12,"3":7,"4":3,"5":0,"6":0,"7":0,"8":0,"9":0,"10":0,"11":0,"12":0,"13":3,"14":0,"15":0,"16":5,"17":7},"b":{"0":[11,11],"1":[7,0],"2":[3],"3":[0,0],"4":[0,0],"5":[0,0],"6":[0,0],"7":[0,0],"8":[0,0],"9":[0,0],"10":[0,0],"11":[0,0],"12":[0,0],"13":[0,0],"14":[0],"15":[0,0],"16":[0,0],"17":[0,0],"18":[0,0],"19":[0,0],"20":[0],"21":[0,0],"22":[0],"23":[0],"24":[0,3],"25":[0,3],"26":[3,3,3],"27":[0,3],"28":[3],"29":[2],"30":[5,3],"31":[0],"32":[0],"33":[0,0],"34":[0,0],"35":[0,0],"36":[0,0],"37":[0,0],"38":[5,1],"39":[0,5],"40":[5,1],"41":[5,0],"42":[0,5],"43":[3,0],"44":[5,2],"45":[5,0],"46":[0,0],"47":[0,0],"48":[0,0],"49":[0,0],"50":[0,0],"51":[7,6]}}
[...]
8,"column":6},"end":{"line":38,"column":67}},"19":{"start":{"line":39,"column":25},"end":{"line":39,"column":55}},"20":{"start":{"line":40,"column":6},"end":{"line":53,"column":11}},"21":{"start":{"line":42,"column":10},"end":{"line":45,"column":13}},"22":{"start":{"line":48,"column":10},"end":{"line":52,"column":13}},"23":{"start":{"line":57,"column":2},"end":{"line":79,"column":29}},"24":{"start":{"line":58,"column":4},"end":{"line":78,"column":null}},"25":{"start":{"line":59,"column":6},"end":{"line":59,"column":21}},"26":{"start":{"line":60,"column":11},"end":{"line":78,"column":null}},"27":{"start":{"line":64,"column":6},"end":{"line":67,"column":9}},"28":{"start":{"line":68,"column":11},"end":{"line":78,"column":null}},"29":{"start":{"line":69,"column":6},"end":{"line":72,"column":9}},"30":{"start":{"line":73,"column":11},"end":{"line":78,"column":null}},"31":{"start":{"line":74,"column":6},"end":{"line":77,"column":9}},"32":{"start":{"line":81,"column":2},"end":{"line":87,"column":null}},"33":{"start":{"line":82,"column":4},"end":{"line":86,"column":6}},"34":{"start":{"line":89,"column":2},"end":{"line":112,"column":4}},"35":{"start":{"line":114,"column":0},"end":{"line":121,"column":24}},"36":{"start":{"line":115,"column":27},"end":{"line":115,"column":57}},"37":{"start":{"line":116,"column":27},"end":{"line":116,"column":57}},"38":{"start":{"line":117,"column":2},"end":{"line":120,"column":4}}},"fnMap":{"0":{"name":"(anonymous_0)","decl":{"start":{"line":27,"column":19},"end":{"line":27,"column":44}},"loc":{"start":{"line":27,"column":69},"end":{"line":113,"column":1}}},"1":{"name":"(anonymous_1)","decl":{"start":{"line":36,"column":35},"end":{"line":36,"column":null}},"loc":{"start":{"line":36,"column":35},"end":{"line":55,"column":3}}},"2":{"name":"(anonymous_2)","decl":{"start":{"line":41,"column":14},"end":{"line":41,"column":15}},"loc":{"start":{"line":41,"column":18},"end":{"line":46,"column":9}}},"3":{"name":"(anonymous_3)","decl":{"start":{"line":47,"column":15},"end":{"line":47,"column":16}},"loc":{"start":{"line":47,"column":17},"end":{"line":53,"column":9}}},"4":{"name":"(anonymous_4)","decl":{"start":{"line":57,"column":12},"end":{"line":57,"column":null}},"loc":{"start":{"line":57,"column":12},"end":{"line":79,"column":3}}},"5":{"name":"(anonymous_5)","decl":{"start":{"line":114,"column":38},"end":{"line":114,"column":39}},"loc":{"start":{"line":114,"column":59},"end":{"line":121,"column":1}}}},"branchMap":{"0":{"loc":{"start":{"line":37,"column":4},"end":{"line":54,"column":null}},"type":"if","locations":[{"start":{"line":37,"column":4},"end":{"line":54,"column":null}}]},"1":{"loc":{"start":{"line":58,"column":4},"end":{"line":78,"column":null}},"type":"if","locations":[{"start":{"line":58,"column":4},"end":{"line":78,"column":null}},{"start":{"line":60,"column":11},"end":{"line":78,"column":null}}]},"2":{"loc":{"start":{"line":60,"column":11},"end":{"line":78,"column":null}},"type":"if","locations":[{"start":{"line":60,"column":11},"end":{"line":78,"column":null}},{"start":{"line":68,"column":11},"end":{"line":78,"column":null}}]},"3":{"loc":{"start":{"line":61,"column":6},"end":{"line":62,"column":67}},"type":"binary-expr","locations":[{"start":{"line":61,"column":6},"end":{"line":61,"column":32}},{"start":{"line":62,"column":7},"end":{"line":62,"column":36}},{"start":{"line":62,"column":40},"end":{"line":62,"column":66}}]},"4":{"loc":{"start":{"line":68,"column":11},"end":{"line":78,"column":null}},"type":"if","locations":[{"start":{"line":68,"column":11},"end":{"line":78,"column":null}},{"start":{"line":73,"column":11},"end":{"line":78,"column":null}}]},"5":{"loc":{"start":{"line":73,"column":11},"end":{"line":78,"column":null}},"type":"if","locations":[{"start":{"line":73,"column":11},"end":{"line":78,"column":null}}]},"6":{"loc":{"start":{"line":81,"column":2},"end":{"line":87,"column":null}},"type":"if","locations":[{"start":{"line":81,"column":2},"end":{"line":87,"column":null}}]},"7":{"loc":{"start":{"line":105,"column":10},"end":{"line":107,"column":42}},"type":"cond-expr","locations":[{"start":{"line":106,"column":14},"end":{"line":106,"column":26}},{"start":{"line":107,"column":14},"end":{"line":107,"column":42}}]},"8":{"loc":{"start":{"line":118,"column":4},"end":{"line":119,"column":47}},"type":"binary-expr","locations":[{"start":{"line":118,"column":4},"end":{"line":118,"column":34}},{"start":{"line":119,"column":4},"end":{"line":119,"column":47}}]}},"s":{"0":11,"1":11,"2":11,"3":11,"4":11,"5":11,"6":11,"7":11,"8":11,"9":180,"10":30,"11":30,"12":30,"13":30,"14":30,"15":30,"16":30,"17":3,"18":3,"19":3,"20":3,"21":2,"22":1,"23":30,"24":11,"25":3,"26":8,"27":1,"28":7,"29":1,"30":6,"31":6,"32":30,"33":2,"34":28,"35":11,"36":22,"37":22,"38":22},"f":{"0":30,"1":3,"2":2,"3":1,"4":11,"5":22},"b":{"0":[3],"1":[3,8],"2":[1,7],"3":[8,7,6],"4":[1,6],"5":[6],"6":[2],"7":[11,17],"8":[22,17]}}
,"F:\\Projects\\GITHUB\\formalite\\packages\\formalite\\src\\components\\Formalite\\elements\\SelectView\\SelectView.type.ts": {"path":"F:\\Projects\\GITHUB\\formalite\\packages\\formalite\\src\\components\\Formalite\\elements\\SelectView\\SelectView.type.ts","statementMap":{"0":{"start":{"line":51,"column":0},"end":{"line":51,"column":null}},"1":{"start":{"line":52,"column":2},"end":{"line":52,"column":null}},"2":{"start":{"line":53,"column":2},"end":{"line":53,"column":null}},"3":{"start":{"line":54,"column":2},"end":{"line":54,"column":null}}},"fnMap":{"0":{"name":"(anonymous_0)","decl":{"start":{"line":51,"column":0},"end":{"line":51,"column":12}},"loc":{"start":{"line":51,"column":27},"end":{"line":55,"column":1}}}},"branchMap":{"0":{"loc":{"start":{"line":51,"column":12},"end":{"line":51,"column":null}},"type":"binary-expr","locations":[{"start":{"line":51,"column":12},"end":{"line":51,"column":27}},{"start":{"line":51,"column":12},"end":{"line":51,"column":null}}]}},"s":{"0":11,"1":11,"2":11,"3":11},"f":{"0":11},"b":{"0":[11,11]}}
,"F:\\Projects\\GITHUB\\formalite\\packages\\formalite\\src\\components\\Formalite\\elements\\SelectView\\SelectViewAllViews.tsx": {"path":"F:\\Projects\\GITHUB\\formalite\\packages\\formalite\\src\\components\\Formalite\\elements\\SelectView\\SelectViewAllViews.tsx","statementMap":{"0":{"start":{"line":1,"column":0},"end":{"line":1,"column":null}},"1":{"start":{"line":10,"column":0},"end":{"line":10,"column":null}},"2":{"start":{"line":15,"column":0},"end":{"line":15,"column":50}},"3":{"start":{"line":16,"column":0},"end":{"line":16,"column":40}},"4":{"start":{"line":19,"column":0},"end":{"line":19,"column":null}},"5":{"start":{"line":24,"column":0},"end":{"line":24,"column":71}},"6":{"start":{"line":25,"column":0},"end":{"line":25,"column":67}},"7":{"start":{"line":28,"column":17},"end":{"line":34,"column":2}},"8":{"start":{"line":35,"column":19},"end":{"line":39,"column":2}},"9":{"start":{"line":51,"column":27},"end":{"line":183,"column":1}},"10":{"start":{"line":62,"column":6},"end":{"line":62,"column":12}},"11":{"start":{"line":64,"column":4},"end":{"line":64,"column":18}},"12":{"start":{"line":63,"column":65},"end":{"line":63,"column":null}},"13":{"start":{"line":65,"column":36},"end":{"line":65,"column":51}},"14":{"start":{"line":65,"column":18},"end":{"line":65,"column":20}},"15":{"start":{"line":65,"column":32},"end":{"line":65,"column":36}},"16":{"start":{"line":66,"column":2},"end":{"line":172,"column":null}},"17":{"start":{"line":67,"column":4},"end":{"line":171,"column":6}},"18":{"start":{"line":87,"column":12},"end":{"line":87,"column":31}},"19":{"start":{"line":89,"column":30},"end":{"line":89,"column":null}},"20":{"start":{"line":90,"column":30},"end":{"line":90,"column":null}},"21":{"start":{"line":91,"column":24},"end":{"line":91,"column":null}},"22":{"start":{"line":93,"column":30},"end":{"line":93,"column":39}},"23":{"start":{"line":94,"column":12},"end":{"line":94,"column":46}},"24":{"start":{"line":95,"column":35},"end":{"line":95,"column":57}},"25":{"start":{"line":96,"column":12},"end":{"line":102,"column":null}},"26":{"start":{"line":97,"column":14},"end":{"line":101,"column":null}},"27":{"start":{"line":98,"column":16},"end":{"line":98,"column":63}},"28":{"start":{"line":100,"column":16},"end":{"line":100,"column":37}},"29":{"start":{"line":106,"column":12},"end":{"line":108,"column":null}},"30":{"start":{"line":107,"column":14},"end":{"line":107,"column":53}},"31":{"start":{"line":109,"column":12},"end":{"line":109,"column":31}},"32":{"start":{"line":129,"column":18},"end":{"line":129,"column":49}},"33":{"start":{"line":130,"column":18},"end":{"line":130,"column":54}},"34":{"start":{"line":131,"column":18},"end":{"line":137,"column":null}},"35":{"start":{"line":132,"column":20},"end":{"line":136,"column":null}},"36":{"start":{"line":133,"column":22},"end":{"line":133,"column":35}},"37":{"start":{"line":135,"column":22},"end":{"line":135,"column":43}},"38":{"start":{"line":147,"column":53},"end":{"line":147,"column":55}},"39":{"start":{"line":147,"column":60},"end":{"line":147,"column":61}},"40":{"start":{"line":148,"column":14},"end":{"line":157,"column":16}},"41":{"start":{"line":173,"column":2},"end":{"line":175,"column":null}},"42":{"start":{"line":174,"column":4},"end":{"line":174,"column":41}},"43":{"start":{"line":176,"column":2},"end":{"line":182,"column":4}},"44":{"start":{"line":184,"column":0},"end":{"line":184,"column":34}}},"fnMap":{"0":{"name":"(anonymous_0)","decl":{"start":{"line":51,"column":27},"end":{"line":51,"column":null}},"loc":{"start":{"line":52,"column":35},"end":{"line":183,"column":1}}},"1":{"name":"(anonymous_1)","decl":{"start":{"line":86,"column":19},"end":{"line":86,"column":null}},"loc":{"start":{"line":86,"column":19},"end":{"line":88,"column":11}}},"2":{"name":"(anonymous_2)","decl":{"start":{"line":89,"column":24},"end":{"line":89,"column":30}},"loc":{"start":{"line":89,"column":24},"end":{"line":89,"column":42}}},"3":{"name":"(anonymous_3)","decl":{"start":{"line":90,"column":24},"end":{"line":90,"column":30}},"loc":{"start":{"line":90,"column":24},"end":{"line":90,"column":42}}},"4":{"name":"(anonymous_4)","decl":{"start":{"line":91,"column":18},"end":{"line":91,"column":24}},"loc":{"start":{"line":91,"column":18},"end":{"line":91,"column":36}}},"5":{"name":"(anonymous_5)","decl":{"start":{"line":92,"column":20},"end":{"line":92,"column":21}},"loc":{"start":{"line":92,"column":22},"end":{"line":103,"column":11}}},"6":{"name":"(anonymous_6)","decl":{"start":{"line":104,"column":23},"end":{"line":104,"column":24}},"loc":{"start":{"line":104,"column":32},"end":{"line":110,"column":11}}},"7":{"name":"(anonymous_7)","decl":{"start":{"line":128,"column":25},"end":{"line":128,"column":null}},"loc":{"start":{"line":128,"column":25},"end":{"line":138,"column":17}}},"8":{"name":"(anonymous_8)","decl":{"start":{"line":147,"column":48},"end":{"line":147,"column":49}},"loc":{"start":{"line":147,"column":61},"end":{"line":158,"column":13}}}},"branchMap":{"0":{"loc":{"start":{"line":66,"column":2},"end":{"line":172,"column":null}},"type":"if","locations":[{"start":{"line":66,"column":2},"end":{"line":172,"column":null}}]},"1":{"loc":{"start":{"line":75,"column":10},"end":{"line":76,"column":64}},"type":"binary-expr","locations":[{"start":{"line":75,"column":10},"end":{"line":75,"column":56}},{"start":{"line":76,"column":10},"end":{"line":76,"column":64}}]},"2":{"loc":{"start":{"line":96,"column":12},"end":{"line":102,"column":null}},"type":"if","locations":[{"start":{"line":96,"column":12},"end":{"line":102,"column":null}}]},"3":{"loc":{"start":{"line":106,"column":12},"end":{"line":108,"column":null}},"type":"if","locations":[{"start":{"line":106,"column":12},"end":{"line":108,"column":null}}]},"4":{"loc":{"start":{"line":121,"column":20},"end":{"line":126,"column":32}},"type":"cond-expr","locations":[{"start":{"line":125,"column":24},"end":{"line":125,"column":33}},{"start":{"line":126,"column":24},"end":{"line":126,"column":32}}]},"5":{"loc":{"start":{"line":121,"column":20},"end":{"line":124,"column":72}},"type":"binary-expr","locations":[{"start":{"line":121,"column":20},"end":{"line":121,"column":29}},{"start":{"line":122,"column":20},"end":{"line":122,"column":40}},{"start":{"line":123,"column":20},"end":{"line":123,"column":65}},{"start":{"line":124,"column":20},"end":{"line":124,"column":72}}]},"6":{"loc":{"start":{"line":131,"column":18},"end":{"line":137,"column":null}},"type":"if","locations":[{"start":{"line":131,"column":18},"end":{"line":137,"column":null}}]},"7":{"loc":{"start":{"line":146,"column":11},"end":{"line":158,"column":14}},"type":"binary-expr","locations":[{"start":{"line":146,"column":11},"end":{"line":146,"column":54}},{"start":{"line":147,"column":12},"end":{"line":158,"column":14}}]},"8":{"loc":{"start":{"line":164,"column":14},"end":{"line":167,"column":28}},"type":"cond-expr","locations":[{"start":{"line":166,"column":18},"end":{"line":166,"column":75}},{"start":{"line":167,"column":18},"end":{"line":167,"column":28}}]},"9":{"loc":{"start":{"line":164,"column":14},"end":{"line":165,"column":59}},"type":"binary-expr","locations":[{"start":{"line":164,"column":14},"end":{"line":164,"column":60}},{"start":{"line":165,"column":14},"end":{"line":165,"column":59}}]},"10":{"loc":{"start":{"line":173,"column":2},"end":{"line":175,"column":null}},"type":"if","locations":[{"start":{"line":173,"column":2},"end":{"line":175,"column":null}}]}},"s":{"0":11,"1":11,"2":11,"3":11,"4":11,"5":11,"6":11,"7":11,"8":11,"9":11,"10":301,"11":172,"12":43,"13":43,"14":43,"15":43,"16":43,"17":27,"18":7,"19":10,"20":1,"21":4,"22":3,"23":3,"24":3,"25":3,"26":3,"27":3,"28":2,"29":34,"30":29,"31":5,"32":1,"33":1,"34":1,"35":1,"36":1,"37":1,"38":54,"39":54,"40":54,"41":16,"42":14,"43":2,"44":11},"f":{"0":43,"1":7,"2":10,"3":1,"4":4,"5":3,"6":34,"7":1,"8":54},"b":{"0":[27],"1":[27,1],"2":[3],"3":[29],"4":[12,15],"5":[27,14,14,12],"6":[1],"7":[27,27],"8":[1,26],"9":[27,1],"10":[14]}}
,"F:\\Projects\\GITHUB\\formalite\\packages\\formalite\\src\\components\\Formalite\\elements\\SwitchGroupView\\SwitchGroupView.tsx": {"path":"F:\\Projects\\GITHUB\\formalite\\packages\\formalite\\src\\components\\Formalite\\elements\\SwitchGroupView\\SwitchGroupView.tsx","statementMap":{"0":{"start":{"line":1,"column":0},"end":{"line":1,"column":26}},"1":{"start":{"line":5,"column":0},"end":{"line":5,"column":65}},"2":{"start":{"line":6,"column":0},"end":{"line":6,"column":90}},"3":{"start":{"line":18,"column":24},"end":{"line":39,"column":1}},"4":{"start":{"line":22,"column":4},"end":{"line":22,"column":10}},"5":{"start":{"line":24,"column":2},"end":{"line":38,"column":4}},"6":{"start":{"line":40,"column":0},"end":{"line":40,"column":69}}},"fnMap":{"0":{"name":"(anonymous_0)","decl":{"start":{"line":18,"column":24},"end":{"line":18,"column":null}},"loc":{"start":{"line":19,"column":32},"end":{"line":39,"column":1}}}},"branchMap":{},"s":{"0":11,"1":11,"2":11,"3":11,"4":72,"5":12,"6":11},"f":{"0":12},"b":{}}
,"F:\\Projects\\GITHUB\\formalite\\packages\\formalite\\src\\components\\Formalite\\elements\\TextView\\TextView.tsx": {"path":"F:\\Projects\\GITHUB\\formalite\\packages\\formalite\\src\\components\\Formalite\\elements\\TextView\\TextView.tsx","statementMap":{"0":{"start":{"line":1,"column":0},"end":{"line":1,"column":48}},"1":{"start":{"line":2,"column":0},"end":{"line":2,"column":37}},"2":{"start":{"line":3,"column":0},"end":{"line":3,"column":58}},"3":{"start":{"line":4,"column":0},"end":{"line":4,"column":50}},"4":{"start":{"line":5,"column":0},"end":{"line":5,"column":76}},"5":{"start":{"line":6,"column":0},"end":{"line":6,"column":82}},"6":{"start":{"line":9,"column":0},"end":{"line":9,"column":83}},"7":{"start":{"line":10,"column":0},"end":{"line":10,"column":79}},"8":{"start":{"line":11,"column":0},"end":{"line":11,"column":63}},"9":{"start":{"line":28,"column":17},"end":{"line":89,"column":1}},"10":{"start":{"line":29,"column":63},"end":{"line":29,"column":69}},"11":{"start":{"line":30,"column":42},"end":{"line":31,"column":null}},"12":{"start":{"line":30,"column":21},"end":{"line":30,"column":23}},"13":{"start":{"line":30,"column":38},"end":{"line":30,"column":42}},"14":{"start":{"line":33,"column":18},"end":{"line":33,"column":44}},"15":{"start":{"line":34,"column":16},"end":{"line":34,"column":33}},"16":{"start":{"line":35,"column":22},"end":{"line":35,"column":27}},"17":{"start":{"line":36,"column":20},"end":{"line":36,"column":25}},"18":{"start":{"line":37,"column":60},"end":{"line":37,"column":78}},"19":{"start":{"line":37,"column":22},"end":{"line":37,"column":24}},"20":{"start":{"line":37,"column":28},"end":{"line":37,"column":30}},"21":{"start":{"line":37,"column":40},"end":{"line":37,"column":45}},"22":{"start":{"line":37,"column":55},"end":{"line":37,"column":60}},"23":{"start":{"line":39,"column":2},"end":{"line":88,"column":4}},"24":{"start":{"line":62,"column":24},"end":{"line":62,"column":55}},"25":{"start":{"line":63,"column":24},"end":{"line":65,"column":null}},"26":{"start":{"line":64,"column":26},"end":{"line":64,"column":49}},"27":{"start":{"line":68,"column":24},"end":{"line":68,"column":43}},"28":{"start":{"line":69,"column":24},"end":{"line":71,"column":null}},"29":{"start":{"line":70,"column":26},"end":{"line":70,"column":50}},"30":{"start":{"line":90,"column":0},"end":{"line":92,"column":22}},"31":{"start":{"line":91,"column":2},"end":{"line":91,"column":40}}},"fnMap":{"0":{"name":"(anonymous_0)","decl":{"start":{"line":28,"column":17},"end":{"line":28,"column":42}},"loc":{"start":{"line":28,"column":65},"end":{"line":89,"column":1}}},"1":{"name":"(anonymous_1)","decl":{"start":{"line":61,"column":31},"end":{"line":61,"column":null}},"loc":{"start":{"line":61,"column":31},"end":{"line":66,"column":23}}},"2":{"name":"(anonymous_2)","decl":{"start":{"line":67,"column":35},"end":{"line":67,"column":36}},"loc":{"start":{"line":67,"column":37},"end":{"line":72,"column":23}}},"3":{"name":"(anonymous_3)","decl":{"start":{"line":90,"column":36},"end":{"line":90,"column":37}},"loc":{"start":{"line":90,"column":57},"end":{"line":92,"column":1}}}},"branchMap":{"0":{"loc":{"start":{"line":50,"column":10},"end":{"line":50,"column":78}},"type":"cond-expr","locations":[{"start":{"line":50,"column":32},"end":{"line":50,"column":71}},{"start":{"line":50,"column":74},"end":{"line":50,"column":78}}]},"1":{"loc":{"start":{"line":50,"column":35},"end":{"line":50,"column":69}},"type":"cond-expr","locations":[{"start":{"line":50,"column":50},"end":{"line":50,"column":56}},{"start":{"line":50,"column":59},"end":{"line":50,"column":69}}]},"2":{"loc":{"start":{"line":52,"column":22},"end":{"line":52,"column":63}},"type":"cond-expr","locations":[{"start":{"line":52,"column":44},"end":{"line":52,"column":48}},{"start":{"line":52,"column":51},"end":{"line":52,"column":63}}]},"3":{"loc":{"start":{"line":54,"column":10},"end":{"line":83,"column":31}},"type":"cond-expr","locations":[{"start":{"line":55,"column":13},"end":{"line":81,"column":null}},{"start":{"line":83,"column":13},"end":{"line":83,"column":31}}]},"4":{"loc":{"start":{"line":63,"column":24},"end":{"line":65,"column":null}},"type":"if","locations":[{"start":{"line":63,"column":24},"end":{"line":65,"column":null}}]},"5":{"loc":{"start":{"line":69,"column":24},"end":{"line":71,"column":null}},"type":"if","locations":[{"start":{"line":69,"column":24},"end":{"line":71,"column":null}}]},"6":{"loc":{"start":{"line":74,"column":23},"end":{"line":77,"column":null}},"type":"cond-expr","locations":[{"start":{"line":75,"column":24},"end":{"line":75,"column":50}},{"start":{"line":77,"column":24},"end":{"line":77,"column":53}}]}},"s":{"0":11,"1":11,"2":11,"3":11,"4":11,"5":11,"6":11,"7":11,"8":11,"9":11,"10":330,"11":66,"12":66,"13":66,"14":66,"15":66,"16":66,"17":66,"18":66,"19":66,"20":66,"21":66,"22":66,"23":66,"24":2,"25":2,"26":2,"27":2,"28":2,"29":2,"30":11,"31":88},"f":{"0":66,"1":2,"2":2,"3":88},"b":{"0":[22,44],"1":[2,20],"2":[22,44],"3":[22,44],"4":[2],"5":[2],"6":[2,20]}}
}
