TN:
SF:src\components\Formalite\elements\RadioGroupView\RadioGroupView.tsx
FN:30,(anonymous_0)
FN:35,(anonymous_1)
FN:41,(anonymous_2)
FN:43,(anonymous_3)
FN:61,(anonymous_4)
FN:66,(anonymous_5)
FN:72,(anonymous_6)
FN:82,(anonymous_7)
FN:140,(anonymous_8)
FNF:9
FNH:9
FNDA:6,(anonymous_0)
FNDA:12,(anonymous_1)
FNDA:8,(anonymous_2)
FNDA:20,(anonymous_3)
FNDA:2,(anonymous_4)
FNDA:1,(anonymous_5)
FNDA:1,(anonymous_6)
FNDA:9,(anonymous_7)
FNDA:13,(anonymous_8)
DA:1,6
DA:2,6
DA:5,6
DA:7,6
DA:14,6
DA:15,6
DA:16,6
DA:17,6
DA:30,6
DA:34,6
DA:35,6
DA:36,12
DA:38,6
DA:41,8
DA:43,6
DA:53,20
DA:54,140
DA:55,20
DA:56,20
DA:61,20
DA:62,2
DA:63,2
DA:64,2
DA:65,2
DA:67,1
DA:73,1
DA:82,20
DA:83,9
DA:84,2
DA:85,7
DA:89,1
DA:93,6
DA:94,1
DA:98,5
DA:99,5
DA:106,20
DA:107,4
DA:114,16
DA:140,6
DA:141,13
DA:142,13
DA:143,13
LF:42
LH:42
BRDA:53,0,0,16
BRDA:53,0,1,4
BRDA:62,1,0,2
BRDA:83,2,0,2
BRDA:83,2,1,7
BRDA:85,3,0,1
BRDA:85,3,1,6
BRDA:86,4,0,7
BRDA:86,4,1,6
BRDA:86,4,2,5
BRDA:93,5,0,1
BRDA:93,5,1,5
BRDA:98,6,0,5
BRDA:106,7,0,4
BRDA:131,8,0,6
BRDA:131,8,1,10
BRDA:144,9,0,13
BRDA:144,9,1,13
BRF:18
BRH:18
end_of_record
