TN:
SF:src\components\Formalite\elements\RepeaterView\RepeaterView.tsx
FN:34,(anonymous_0)
FN:37,(anonymous_1)
FN:46,(anonymous_2)
FN:66,(anonymous_3)
FN:71,(anonymous_4)
FN:78,(anonymous_5)
FN:111,(anonymous_6)
FN:134,(anonymous_7)
FN:148,(anonymous_8)
FN:150,(anonymous_9)
FNF:10
FNH:10
FNDA:63,(anonymous_0)
FNDA:63,(anonymous_1)
FNDA:23,(anonymous_2)
FNDA:23,(anonymous_3)
FNDA:40,(anonymous_4)
FNDA:40,(anonymous_5)
FNDA:2,(anonymous_6)
FNDA:21,(anonymous_7)
FNDA:1,(anonymous_8)
FNDA:2,(anonymous_9)
DA:1,5
DA:2,5
DA:10,5
DA:11,5
DA:12,5
DA:15,5
DA:16,5
DA:17,5
DA:19,5
DA:34,5
DA:35,63
DA:37,63
DA:46,5
DA:57,207
DA:58,23
DA:60,23
DA:66,23
DA:71,40
DA:78,40
DA:112,2
DA:134,21
DA:149,1
DA:150,1
DA:151,2
DA:155,1
DA:179,5
LF:26
LH:26
BRDA:40,0,0,51
BRDA:40,0,1,12
BRDA:69,1,0,23
BRDA:69,1,1,20
BRDA:96,2,0,40
BRDA:96,2,1,36
BRDA:106,3,0,36
BRDA:106,3,1,32
BRDA:107,4,0,4
BRDA:107,4,1,28
BRDA:131,5,0,23
BRDA:131,5,1,21
BRDA:159,6,0,21
BRDA:159,6,1,0
BRDA:165,7,0,0
BRDA:165,7,1,23
BRDA:165,8,0,23
BRDA:165,8,1,23
BRF:18
BRH:16
end_of_record
